2016-12-22T08:07:24.614147Z mysqld_safe Starting mysqld daemon with databases from /home/work/_app/mysql/data
2016-12-22T08:07:24.796147Z 0 [Warning] TIMESTAMP with implicit DEFAULT value is deprecated. Please use --explicit_defaults_for_timestamp server option (see documentation for more details).
2016-12-22T08:07:24.796196Z 0 [Warning] 'NO_ZERO_DATE', 'NO_ZERO_IN_DATE' and 'ERROR_FOR_DIVISION_BY_ZERO' sql modes should be used with strict mode. They will be merged with strict mode in a future release.
2016-12-22T08:07:24.796199Z 0 [Warning] 'NO_AUTO_CREATE_USER' sql mode was not set.
2016-12-22T08:07:24.796764Z 0 [Warning] Insecure configuration for --secure-file-priv: Current value does not restrict location of generated files. Consider setting it to a valid, non-empty path.
2016-12-22T08:07:24.796792Z 0 [Note] /home/work/_app/mysql/bin/mysqld (mysqld 5.7.11) starting as process 287 ...
2016-12-22T08:07:24.801949Z 0 [Warning] Setting lower_case_table_names=2 because file system for /home/work/_app/mysql/data/ is case insensitive
2016-12-22T08:07:24.806418Z 0 [ERROR] Plugin keyring_file reported: 'keyring_file initialization failure. Please check if the keyring_file_data points to readable keyring file or keyring file can be created in the specified location. The keyring_file will stay unusable until correct path to the keyring file gets provided'
2016-12-22T08:07:24.807108Z 0 [Note] InnoDB: PUNCH HOLE support not available
2016-12-22T08:07:24.807388Z 0 [Note] InnoDB: Mutexes and rw_locks use GCC atomic builtins
2016-12-22T08:07:24.807656Z 0 [Note] InnoDB: Uses event mutexes
2016-12-22T08:07:24.807906Z 0 [Note] InnoDB: GCC builtin __sync_synchronize() is used for memory barrier
2016-12-22T08:07:24.808173Z 0 [Note] InnoDB: Compressed tables use zlib 1.2.3
2016-12-22T08:07:24.808434Z 0 [Note] InnoDB: Using Linux native AIO
2016-12-22T08:07:24.808865Z 0 [Note] InnoDB: Number of pools: 1
2016-12-22T08:07:24.809176Z 0 [Note] InnoDB: Using CPU crc32 instructions
2016-12-22T08:07:24.816256Z 0 [Note] InnoDB: Initializing buffer pool, total size = 128M, instances = 1, chunk size = 128M
2016-12-22T08:07:24.822578Z 0 [Note] InnoDB: Completed initialization of buffer pool
2016-12-22T08:07:24.824315Z 0 [Note] InnoDB: If the mysqld execution user is authorized, page cleaner thread priority can be changed. See the man page of setpriority().
2016-12-22T08:07:24.853555Z 0 [Note] InnoDB: Highest supported file format is Barracuda.
2016-12-22T08:07:24.918314Z 0 [Note] InnoDB: Creating shared tablespace for temporary tables
2016-12-22T08:07:24.919479Z 0 [Note] InnoDB: Setting file './ibtmp1' size to 12 MB. Physically writing the file full; Please wait ...
2016-12-22T08:07:24.971233Z 0 [Note] InnoDB: File './ibtmp1' size is now 12 MB.
2016-12-22T08:07:24.998397Z 0 [Note] InnoDB: 96 redo rollback segment(s) found. 96 redo rollback segment(s) are active.
2016-12-22T08:07:24.998740Z 0 [Note] InnoDB: 32 non-redo rollback segment(s) are active.
2016-12-22T08:07:24.999292Z 0 [Note] InnoDB: Waiting for purge to start
2016-12-22T08:07:25.051905Z 0 [Note] InnoDB: 5.7.11 started; log sequence number 2493034
2016-12-22T08:07:25.052913Z 0 [Note] Plugin 'FEDERATED' is disabled.
2016-12-22T08:07:25.054015Z 0 [Note] InnoDB: Loading buffer pool(s) from /home/work/_app/mysql/data/ib_buffer_pool
2016-12-22T08:07:25.069648Z 0 [Note] Found ca.pem, server-cert.pem and server-key.pem in data directory. Trying to enable SSL support using them.
2016-12-22T08:07:25.078095Z 0 [Warning] CA certificate ca.pem is self signed.
2016-12-22T08:07:25.080141Z 0 [Note] Server hostname (bind-address): '*'; port: 3306
2016-12-22T08:07:25.080592Z 0 [Note] IPv6 is available.
2016-12-22T08:07:25.080992Z 0 [Note]   - '::' resolves to '::';
2016-12-22T08:07:25.081288Z 0 [Note] Server socket created on IP: '::'.
2016-12-22T08:07:25.083350Z 0 [Note] InnoDB: Buffer pool(s) load completed at 161222 16:07:25
2016-12-22T08:07:25.384500Z 0 [Note] /home/work/_app/mysql/bin/mysqld: ready for connections.
Version: '5.7.11'  socket: '/tmp/mysql.sock'  port: 3306  MySQL Community Server (GPL)
2016-12-22T08:07:25.613405Z 0 [Note] Giving 0 client threads a chance to die gracefully
2016-12-22T08:07:25.613798Z 0 [Note] Shutting down slave threads
2016-12-22T08:07:25.614727Z 0 [Note] Forcefully disconnecting 0 remaining clients
2016-12-22T08:07:25.615164Z 0 [Note] Binlog end
2016-12-22T08:07:25.619522Z 0 [Note] Shutting down plugin 'ngram'
2016-12-22T08:07:25.619859Z 0 [Note] Shutting down plugin 'partition'
2016-12-22T08:07:25.620106Z 0 [Note] Shutting down plugin 'BLACKHOLE'
2016-12-22T08:07:25.620377Z 0 [Note] Shutting down plugin 'ARCHIVE'
2016-12-22T08:07:25.620702Z 0 [Note] Shutting down plugin 'MyISAM'
2016-12-22T08:07:25.621121Z 0 [Note] Shutting down plugin 'PERFORMANCE_SCHEMA'
2016-12-22T08:07:25.621531Z 0 [Note] Shutting down plugin 'CSV'
2016-12-22T08:07:25.621890Z 0 [Note] Shutting down plugin 'MRG_MYISAM'
2016-12-22T08:07:25.622251Z 0 [Note] Shutting down plugin 'MEMORY'
2016-12-22T08:07:25.622649Z 0 [Note] Shutting down plugin 'INNODB_SYS_VIRTUAL'
2016-12-22T08:07:25.622971Z 0 [Note] Shutting down plugin 'INNODB_SYS_DATAFILES'
2016-12-22T08:07:25.623449Z 0 [Note] Shutting down plugin 'INNODB_SYS_TABLESPACES'
2016-12-22T08:07:25.623712Z 0 [Note] Shutting down plugin 'INNODB_SYS_FOREIGN_COLS'
2016-12-22T08:07:25.623941Z 0 [Note] Shutting down plugin 'INNODB_SYS_FOREIGN'
2016-12-22T08:07:25.624184Z 0 [Note] Shutting down plugin 'INNODB_SYS_FIELDS'
2016-12-22T08:07:25.624403Z 0 [Note] Shutting down plugin 'INNODB_SYS_COLUMNS'
2016-12-22T08:07:25.624660Z 0 [Note] Shutting down plugin 'INNODB_SYS_INDEXES'
2016-12-22T08:07:25.624925Z 0 [Note] Shutting down plugin 'INNODB_SYS_TABLESTATS'
2016-12-22T08:07:25.625158Z 0 [Note] Shutting down plugin 'INNODB_SYS_TABLES'
2016-12-22T08:07:25.625386Z 0 [Note] Shutting down plugin 'INNODB_FT_INDEX_TABLE'
2016-12-22T08:07:25.625615Z 0 [Note] Shutting down plugin 'INNODB_FT_INDEX_CACHE'
2016-12-22T08:07:25.625838Z 0 [Note] Shutting down plugin 'INNODB_FT_CONFIG'
2016-12-22T08:07:25.626065Z 0 [Note] Shutting down plugin 'INNODB_FT_BEING_DELETED'
2016-12-22T08:07:25.626281Z 0 [Note] Shutting down plugin 'INNODB_FT_DELETED'
2016-12-22T08:07:25.626483Z 0 [Note] Shutting down plugin 'INNODB_FT_DEFAULT_STOPWORD'
2016-12-22T08:07:25.626715Z 0 [Note] Shutting down plugin 'INNODB_METRICS'
2016-12-22T08:07:25.626945Z 0 [Note] Shutting down plugin 'INNODB_TEMP_TABLE_INFO'
2016-12-22T08:07:25.627153Z 0 [Note] Shutting down plugin 'INNODB_BUFFER_POOL_STATS'
2016-12-22T08:07:25.627378Z 0 [Note] Shutting down plugin 'INNODB_BUFFER_PAGE_LRU'
2016-12-22T08:07:25.627604Z 0 [Note] Shutting down plugin 'INNODB_BUFFER_PAGE'
2016-12-22T08:07:25.627820Z 0 [Note] Shutting down plugin 'INNODB_CMP_PER_INDEX_RESET'
2016-12-22T08:07:25.628047Z 0 [Note] Shutting down plugin 'INNODB_CMP_PER_INDEX'
2016-12-22T08:07:25.628268Z 0 [Note] Shutting down plugin 'INNODB_CMPMEM_RESET'
2016-12-22T08:07:25.628497Z 0 [Note] Shutting down plugin 'INNODB_CMPMEM'
2016-12-22T08:07:25.628724Z 0 [Note] Shutting down plugin 'INNODB_CMP_RESET'
2016-12-22T08:07:25.628939Z 0 [Note] Shutting down plugin 'INNODB_CMP'
2016-12-22T08:07:25.629159Z 0 [Note] Shutting down plugin 'INNODB_LOCK_WAITS'
2016-12-22T08:07:25.629383Z 0 [Note] Shutting down plugin 'INNODB_LOCKS'
2016-12-22T08:07:25.629616Z 0 [Note] Shutting down plugin 'INNODB_TRX'
2016-12-22T08:07:25.629830Z 0 [Note] Shutting down plugin 'InnoDB'
2016-12-22T08:07:25.630186Z 0 [Note] InnoDB: FTS optimize thread exiting.
2016-12-22T08:07:25.630553Z 0 [Note] InnoDB: Starting shutdown...
2016-12-22T08:07:25.735115Z 0 [Note] InnoDB: Dumping buffer pool(s) to /home/work/_app/mysql/data/ib_buffer_pool
2016-12-22T08:07:25.739401Z 0 [Note] InnoDB: Buffer pool(s) dump completed at 161222 16:07:25
2016-12-22T08:07:26.658282Z 0 [Note] InnoDB: Shutdown completed; log sequence number 2493053
2016-12-22T08:07:26.660707Z 0 [Note] InnoDB: Removed temporary tablespace data file: "ibtmp1"
2016-12-22T08:07:26.661040Z 0 [Note] Shutting down plugin 'sha256_password'
2016-12-22T08:07:26.661297Z 0 [Note] Shutting down plugin 'mysql_native_password'
2016-12-22T08:07:26.661538Z 0 [Note] Shutting down plugin 'keyring_file'
2016-12-22T08:07:26.661986Z 0 [Note] Shutting down plugin 'binlog'
2016-12-22T08:07:26.665550Z 0 [Note] /home/work/_app/mysql/bin/mysqld: Shutdown complete

2016-12-22T08:07:26.760803Z mysqld_safe mysqld from pid file /home/work/_app/mysql/data/7c1d7bfdc63b.pid ended
2016-12-22T08:07:27.729643Z mysqld_safe Starting mysqld daemon with databases from /home/work/_app/mysql/data
2016-12-22T08:07:27.900894Z 0 [Warning] TIMESTAMP with implicit DEFAULT value is deprecated. Please use --explicit_defaults_for_timestamp server option (see documentation for more details).
2016-12-22T08:07:27.900941Z 0 [Warning] 'NO_ZERO_DATE', 'NO_ZERO_IN_DATE' and 'ERROR_FOR_DIVISION_BY_ZERO' sql modes should be used with strict mode. They will be merged with strict mode in a future release.
2016-12-22T08:07:27.900945Z 0 [Warning] 'NO_AUTO_CREATE_USER' sql mode was not set.
2016-12-22T08:07:27.901504Z 0 [Warning] Insecure configuration for --secure-file-priv: Current value does not restrict location of generated files. Consider setting it to a valid, non-empty path.
2016-12-22T08:07:27.901534Z 0 [Note] /home/work/_app/mysql/bin/mysqld (mysqld 5.7.11) starting as process 562 ...
2016-12-22T08:07:27.906737Z 0 [Warning] Setting lower_case_table_names=2 because file system for /home/work/_app/mysql/data/ is case insensitive
2016-12-22T08:07:27.910793Z 0 [ERROR] Plugin keyring_file reported: 'keyring_file initialization failure. Please check if the keyring_file_data points to readable keyring file or keyring file can be created in the specified location. The keyring_file will stay unusable until correct path to the keyring file gets provided'
2016-12-22T08:07:27.911536Z 0 [Note] InnoDB: PUNCH HOLE support not available
2016-12-22T08:07:27.911816Z 0 [Note] InnoDB: Mutexes and rw_locks use GCC atomic builtins
2016-12-22T08:07:27.912075Z 0 [Note] InnoDB: Uses event mutexes
2016-12-22T08:07:27.912423Z 0 [Note] InnoDB: GCC builtin __sync_synchronize() is used for memory barrier
2016-12-22T08:07:27.912714Z 0 [Note] InnoDB: Compressed tables use zlib 1.2.3
2016-12-22T08:07:27.912985Z 0 [Note] InnoDB: Using Linux native AIO
2016-12-22T08:07:27.913499Z 0 [Note] InnoDB: Number of pools: 1
2016-12-22T08:07:27.913822Z 0 [Note] InnoDB: Using CPU crc32 instructions
2016-12-22T08:07:27.919886Z 0 [Note] InnoDB: Initializing buffer pool, total size = 128M, instances = 1, chunk size = 128M
2016-12-22T08:07:27.926204Z 0 [Note] InnoDB: Completed initialization of buffer pool
2016-12-22T08:07:27.927964Z 0 [Note] InnoDB: If the mysqld execution user is authorized, page cleaner thread priority can be changed. See the man page of setpriority().
2016-12-22T08:07:27.956255Z 0 [Note] InnoDB: Highest supported file format is Barracuda.
2016-12-22T08:07:28.022015Z 0 [Note] InnoDB: Creating shared tablespace for temporary tables
2016-12-22T08:07:28.023226Z 0 [Note] InnoDB: Setting file './ibtmp1' size to 12 MB. Physically writing the file full; Please wait ...
2016-12-22T08:07:28.089423Z 0 [Note] InnoDB: File './ibtmp1' size is now 12 MB.
2016-12-22T08:07:28.118544Z 0 [Note] InnoDB: 96 redo rollback segment(s) found. 96 redo rollback segment(s) are active.
2016-12-22T08:07:28.118979Z 0 [Note] InnoDB: 32 non-redo rollback segment(s) are active.
2016-12-22T08:07:28.119712Z 0 [Note] InnoDB: Waiting for purge to start
2016-12-22T08:07:28.171207Z 0 [Note] InnoDB: 5.7.11 started; log sequence number 2493053
2016-12-22T08:07:28.172024Z 0 [Note] Plugin 'FEDERATED' is disabled.
2016-12-22T08:07:28.172731Z 0 [Note] InnoDB: Loading buffer pool(s) from /home/work/_app/mysql/data/ib_buffer_pool
2016-12-22T08:07:28.200661Z 0 [Note] Found ca.pem, server-cert.pem and server-key.pem in data directory. Trying to enable SSL support using them.
2016-12-22T08:07:28.209154Z 0 [Warning] CA certificate ca.pem is self signed.
2016-12-22T08:07:28.211772Z 0 [Note] Server hostname (bind-address): '*'; port: 3306
2016-12-22T08:07:28.212220Z 0 [Note] IPv6 is available.
2016-12-22T08:07:28.212556Z 0 [Note]   - '::' resolves to '::';
2016-12-22T08:07:28.212863Z 0 [Note] Server socket created on IP: '::'.
2016-12-22T08:07:28.226996Z 0 [Note] InnoDB: Buffer pool(s) load completed at 161222 16:07:28
2016-12-22T08:07:28.531116Z 0 [Note] Event Scheduler: Loaded 0 events
2016-12-22T08:07:28.531588Z 0 [Note] /home/work/_app/mysql/bin/mysqld: ready for connections.
Version: '5.7.11'  socket: '/tmp/mysql.sock'  port: 3306  MySQL Community Server (GPL)
2016-12-22T08:07:29.730973Z 2 [Note] Access denied for user 'root'@'localhost' (using password: NO)
2016-12-22T08:07:29.825107Z mysqld_safe A mysqld process already exists
2016-12-22T08:07:30.911870Z 3 [Note] Access denied for user 'root'@'localhost' (using password: NO)
2016-12-22T08:07:30.998723Z mysqld_safe A mysqld process already exists
2016-12-22T08:07:33.083211Z 4 [Note] Access denied for user 'root'@'localhost' (using password: NO)
2016-12-22T08:07:33.181365Z mysqld_safe A mysqld process already exists
