# Logfile created on 2018-11-20 14:00:52 +0000 by logger.rb/56815
[2018-11-20T14:00:52+00:00] INFO: Started chef-zero at chefzero://localhost:1 with repository at /opt/gitlab/embedded
  One version per cookbook

[2018-11-20T14:00:52+00:00] INFO: *** Chef 13.6.4 ***
[2018-11-20T14:00:52+00:00] INFO: Platform: x86_64-linux
[2018-11-20T14:00:52+00:00] INFO: Chef-client pid: 22
[2018-11-20T14:00:52+00:00] INFO: The plugin path /etc/chef/ohai/plugins does not exist. Skipping...
[2018-11-20T14:00:52+00:00] WARN: Plugin Network: unable to detect ipaddress
[2018-11-20T14:00:54+00:00] INFO: Setting the run_list to ["recipe[gitlab]"] from CLI options
[2018-11-20T14:00:54+00:00] INFO: Run List is [recipe[gitlab]]
[2018-11-20T14:00:54+00:00] INFO: Run List expands to [gitlab]
[2018-11-20T14:00:54+00:00] INFO: Starting Chef Run for b9b466d374fd
[2018-11-20T14:00:54+00:00] INFO: Running start handlers
[2018-11-20T14:00:54+00:00] INFO: Start handlers complete.
[2018-11-20T14:00:55+00:00] INFO: Loading cookbooks [gitlab@0.0.1, package@0.1.0, postgresql@0.1.0, registry@0.1.0, mattermost@0.1.0, consul@0.0.0, gitaly@0.1.0, letsencrypt@0.1.0, nginx@0.1.0, runit@0.14.2, acme@3.1.0, crond@0.1.0, compat_resource@12.19.0]
[2018-11-20T14:01:00+00:00] WARN: Skipped selecting an init system because it looks like we are running in a container
[2018-11-20T14:01:01+00:00] INFO: The plugin path /etc/chef/ohai/plugins does not exist. Skipping...
[2018-11-20T14:01:01+00:00] INFO: template[/var/opt/gitlab/gitlab-shell/config.yml] owner changed to 0
[2018-11-20T14:01:01+00:00] INFO: execute[/opt/gitlab/embedded/service/gitlab-shell/bin/gitlab-keys check-permissions] ran successfully
[2018-11-20T14:01:02+00:00] INFO: ruby_block[directory resource: /var/opt/gitlab/gitlab-rails/shared] called
[2018-11-20T14:01:02+00:00] INFO: ruby_block[directory resource: /var/opt/gitlab/gitlab-rails/shared/pages] called
[2018-11-20T14:01:03+00:00] INFO: template[/var/opt/gitlab/gitlab-rails/etc/database.yml] owner changed to 0
[2018-11-20T14:01:03+00:00] INFO: template[/var/opt/gitlab/gitlab-rails/etc/secrets.yml] owner changed to 0
[2018-11-20T14:01:03+00:00] INFO: template[/var/opt/gitlab/gitlab-rails/etc/secrets.yml] group changed to 0
[2018-11-20T14:01:03+00:00] INFO: template[/var/opt/gitlab/gitlab-rails/etc/resque.yml] owner changed to 0
[2018-11-20T14:01:03+00:00] INFO: template[/var/opt/gitlab/gitlab-rails/etc/resque.yml] group changed to 0
[2018-11-20T14:01:03+00:00] INFO: template[/var/opt/gitlab/gitlab-rails/etc/gitlab.yml] owner changed to 0
[2018-11-20T14:01:03+00:00] INFO: template[/var/opt/gitlab/gitlab-rails/etc/rack_attack.rb] owner changed to 0
[2018-11-20T14:01:03+00:00] INFO: template[/var/opt/gitlab/gitlab-rails/etc/rack_attack.rb] group changed to 0
[2018-11-20T14:01:03+00:00] INFO: template[/var/opt/gitlab/gitlab-rails/etc/gitlab_workhorse_secret] owner changed to 0
[2018-11-20T14:01:03+00:00] INFO: template[/var/opt/gitlab/gitlab-rails/etc/gitlab_workhorse_secret] group changed to 0
[2018-11-20T14:01:03+00:00] INFO: template[/var/opt/gitlab/gitlab-rails/etc/gitlab_shell_secret] owner changed to 0
[2018-11-20T14:01:03+00:00] INFO: template[/var/opt/gitlab/gitlab-rails/etc/gitlab_shell_secret] group changed to 0
[2018-11-20T14:01:03+00:00] INFO: link[/opt/gitlab/service/redis] created
[2018-11-20T14:01:04+00:00] INFO: link[/opt/gitlab/service/postgresql] created
[2018-11-20T14:01:04+00:00] INFO: directory[/var/opt/gitlab/gitlab-rails/sockets] group changed to 999
[2018-11-20T14:01:04+00:00] INFO: template[/var/opt/gitlab/gitlab-rails/etc/unicorn.rb] owner changed to 0
[2018-11-20T14:01:04+00:00] INFO: template[/var/opt/gitlab/gitlab-rails/etc/unicorn.rb] group changed to 0
[2018-11-20T14:01:04+00:00] INFO: link[/opt/gitlab/service/unicorn] created
[2018-11-20T14:01:04+00:00] INFO: link[/opt/gitlab/service/sidekiq] created
[2018-11-20T14:01:04+00:00] INFO: link[/opt/gitlab/service/gitlab-workhorse] created
[2018-11-20T14:01:04+00:00] INFO: template[/var/opt/gitlab/gitlab-workhorse/config.toml] owner changed to 0
[2018-11-20T14:01:04+00:00] INFO: template[/var/opt/gitlab/gitlab-workhorse/config.toml] group changed to 998
[2018-11-20T14:01:04+00:00] INFO: link[/opt/gitlab/service/nginx] created
[2018-11-20T14:01:05+00:00] INFO: link[/opt/gitlab/service/logrotate] created
[2018-11-20T14:01:05+00:00] INFO: link[/opt/gitlab/service/gitaly] created
[2018-11-20T14:01:05+00:00] INFO: link[/opt/gitlab/service/node-exporter] created
[2018-11-20T14:01:05+00:00] INFO: link[/opt/gitlab/service/gitlab-monitor] created
[2018-11-20T14:01:05+00:00] INFO: link[/opt/gitlab/service/redis-exporter] created
[2018-11-20T14:01:05+00:00] INFO: link[/opt/gitlab/service/prometheus] created
[2018-11-20T14:01:05+00:00] INFO: link[/opt/gitlab/service/alertmanager] created
[2018-11-20T14:01:05+00:00] INFO: link[/opt/gitlab/service/postgres-exporter] created
[2018-11-20T14:01:05+00:00] INFO: templatesymlink[Create a gitlab.yml and create a symlink to Rails root] sending run action to execute[clear the gitlab-rails cache] (delayed)
[2018-11-20T14:01:05+00:00] INFO: template[/var/opt/gitlab/gitlab-workhorse/config.toml] sending restart action to service[gitlab-workhorse] (delayed)
[2018-11-20T14:01:05+00:00] ERROR: Running exception handlers
[2018-11-20T14:01:05+00:00] ERROR: Exception handlers complete
[2018-11-20T14:01:05+00:00] FATAL: Stacktrace dumped to /opt/gitlab/embedded/cookbooks/cache/chef-stacktrace.out
[2018-11-20T14:01:05+00:00] FATAL: Please provide the contents of the stacktrace.out file if you file a bug report
[2018-11-20T14:01:05+00:00] FATAL: Mixlib::ShellOut::ShellCommandFailed: service[gitlab-workhorse] (gitlab::gitlab-workhorse line 227) had an error: Mixlib::ShellOut::ShellCommandFailed: Expected process to exit with [0], but received '1'
---- Begin output of /opt/gitlab/embedded/bin/chpst -u root /opt/gitlab/embedded/bin/sv restart /opt/gitlab/service/gitlab-workhorse ----
STDOUT: fail: /opt/gitlab/service/gitlab-workhorse: runsv not running
STDERR: 
---- End output of /opt/gitlab/embedded/bin/chpst -u root /opt/gitlab/embedded/bin/sv restart /opt/gitlab/service/gitlab-workhorse ----
Ran /opt/gitlab/embedded/bin/chpst -u root /opt/gitlab/embedded/bin/sv restart /opt/gitlab/service/gitlab-workhorse returned 1
