I, [2018-11-20T13:45:19.178228 #1026]  INFO -- : Refreshing Gem list
I, [2018-11-20T13:45:59.055256 #1026]  INFO -- : listening on addr=127.0.0.1:8080 fd=24
F, [2018-11-20T13:45:59.058346 #1026] FATAL -- : error adding listener addr=/var/opt/gitlab/gitlab-rails/sockets/gitlab.socket
Errno::ENAMETOOLONG: File name too long - connect(2) for /var/opt/gitlab/gitlab-rails/sockets/gitlab.socket
  /opt/gitlab/embedded/lib/ruby/gems/2.4.0/gems/unicorn-5.1.0/lib/unicorn/socket_helper.rb:122:in `initialize'
  /opt/gitlab/embedded/lib/ruby/gems/2.4.0/gems/unicorn-5.1.0/lib/unicorn/socket_helper.rb:122:in `new'
  /opt/gitlab/embedded/lib/ruby/gems/2.4.0/gems/unicorn-5.1.0/lib/unicorn/socket_helper.rb:122:in `bind_listen'
  /opt/gitlab/embedded/lib/ruby/gems/2.4.0/gems/unicorn-5.1.0/lib/unicorn/http_server.rb:231:in `listen'
  /opt/gitlab/embedded/lib/ruby/gems/2.4.0/gems/unicorn-5.1.0/lib/unicorn/http_server.rb:808:in `block in bind_new_listeners!'
  /opt/gitlab/embedded/lib/ruby/gems/2.4.0/gems/unicorn-5.1.0/lib/unicorn/http_server.rb:808:in `each'
  /opt/gitlab/embedded/lib/ruby/gems/2.4.0/gems/unicorn-5.1.0/lib/unicorn/http_server.rb:808:in `bind_new_listeners!'
  /opt/gitlab/embedded/lib/ruby/gems/2.4.0/gems/unicorn-5.1.0/lib/unicorn/http_server.rb:130:in `start'
  /opt/gitlab/embedded/lib/ruby/gems/2.4.0/gems/unicorn-5.1.0/bin/unicorn:126:in `<top (required)>'
  /opt/gitlab/embedded/bin/unicorn:23:in `load'
  /opt/gitlab/embedded/bin/unicorn:23:in `<top (required)>'
I, [2018-11-20T13:46:00.870786 #1315]  INFO -- : Refreshing Gem list
I, [2018-11-20T13:46:33.027232 #1315]  INFO -- : listening on addr=127.0.0.1:8080 fd=24
F, [2018-11-20T13:46:33.028879 #1315] FATAL -- : error adding listener addr=/var/opt/gitlab/gitlab-rails/sockets/gitlab.socket
Errno::ENAMETOOLONG: File name too long - connect(2) for /var/opt/gitlab/gitlab-rails/sockets/gitlab.socket
  /opt/gitlab/embedded/lib/ruby/gems/2.4.0/gems/unicorn-5.1.0/lib/unicorn/socket_helper.rb:122:in `initialize'
  /opt/gitlab/embedded/lib/ruby/gems/2.4.0/gems/unicorn-5.1.0/lib/unicorn/socket_helper.rb:122:in `new'
  /opt/gitlab/embedded/lib/ruby/gems/2.4.0/gems/unicorn-5.1.0/lib/unicorn/socket_helper.rb:122:in `bind_listen'
  /opt/gitlab/embedded/lib/ruby/gems/2.4.0/gems/unicorn-5.1.0/lib/unicorn/http_server.rb:231:in `listen'
  /opt/gitlab/embedded/lib/ruby/gems/2.4.0/gems/unicorn-5.1.0/lib/unicorn/http_server.rb:808:in `block in bind_new_listeners!'
  /opt/gitlab/embedded/lib/ruby/gems/2.4.0/gems/unicorn-5.1.0/lib/unicorn/http_server.rb:808:in `each'
  /opt/gitlab/embedded/lib/ruby/gems/2.4.0/gems/unicorn-5.1.0/lib/unicorn/http_server.rb:808:in `bind_new_listeners!'
  /opt/gitlab/embedded/lib/ruby/gems/2.4.0/gems/unicorn-5.1.0/lib/unicorn/http_server.rb:130:in `start'
  /opt/gitlab/embedded/lib/ruby/gems/2.4.0/gems/unicorn-5.1.0/bin/unicorn:126:in `<top (required)>'
  /opt/gitlab/embedded/bin/unicorn:23:in `load'
  /opt/gitlab/embedded/bin/unicorn:23:in `<top (required)>'
I, [2018-11-20T13:46:35.163577 #1530]  INFO -- : Refreshing Gem list
I, [2018-11-20T13:47:07.886278 #1530]  INFO -- : listening on addr=127.0.0.1:8080 fd=24
F, [2018-11-20T13:47:07.888159 #1530] FATAL -- : error adding listener addr=/var/opt/gitlab/gitlab-rails/sockets/gitlab.socket
Errno::ENAMETOOLONG: File name too long - connect(2) for /var/opt/gitlab/gitlab-rails/sockets/gitlab.socket
  /opt/gitlab/embedded/lib/ruby/gems/2.4.0/gems/unicorn-5.1.0/lib/unicorn/socket_helper.rb:122:in `initialize'
  /opt/gitlab/embedded/lib/ruby/gems/2.4.0/gems/unicorn-5.1.0/lib/unicorn/socket_helper.rb:122:in `new'
  /opt/gitlab/embedded/lib/ruby/gems/2.4.0/gems/unicorn-5.1.0/lib/unicorn/socket_helper.rb:122:in `bind_listen'
  /opt/gitlab/embedded/lib/ruby/gems/2.4.0/gems/unicorn-5.1.0/lib/unicorn/http_server.rb:231:in `listen'
  /opt/gitlab/embedded/lib/ruby/gems/2.4.0/gems/unicorn-5.1.0/lib/unicorn/http_server.rb:808:in `block in bind_new_listeners!'
  /opt/gitlab/embedded/lib/ruby/gems/2.4.0/gems/unicorn-5.1.0/lib/unicorn/http_server.rb:808:in `each'
  /opt/gitlab/embedded/lib/ruby/gems/2.4.0/gems/unicorn-5.1.0/lib/unicorn/http_server.rb:808:in `bind_new_listeners!'
  /opt/gitlab/embedded/lib/ruby/gems/2.4.0/gems/unicorn-5.1.0/lib/unicorn/http_server.rb:130:in `start'
  /opt/gitlab/embedded/lib/ruby/gems/2.4.0/gems/unicorn-5.1.0/bin/unicorn:126:in `<top (required)>'
  /opt/gitlab/embedded/bin/unicorn:23:in `load'
  /opt/gitlab/embedded/bin/unicorn:23:in `<top (required)>'
I, [2018-11-20T13:47:09.599393 #1843]  INFO -- : Refreshing Gem list
I, [2018-11-20T13:47:38.370952 #1843]  INFO -- : listening on addr=127.0.0.1:8080 fd=25
F, [2018-11-20T13:47:38.372863 #1843] FATAL -- : error adding listener addr=/var/opt/gitlab/gitlab-rails/sockets/gitlab.socket
Errno::ENAMETOOLONG: File name too long - connect(2) for /var/opt/gitlab/gitlab-rails/sockets/gitlab.socket
  /opt/gitlab/embedded/lib/ruby/gems/2.4.0/gems/unicorn-5.1.0/lib/unicorn/socket_helper.rb:122:in `initialize'
  /opt/gitlab/embedded/lib/ruby/gems/2.4.0/gems/unicorn-5.1.0/lib/unicorn/socket_helper.rb:122:in `new'
  /opt/gitlab/embedded/lib/ruby/gems/2.4.0/gems/unicorn-5.1.0/lib/unicorn/socket_helper.rb:122:in `bind_listen'
  /opt/gitlab/embedded/lib/ruby/gems/2.4.0/gems/unicorn-5.1.0/lib/unicorn/http_server.rb:231:in `listen'
  /opt/gitlab/embedded/lib/ruby/gems/2.4.0/gems/unicorn-5.1.0/lib/unicorn/http_server.rb:808:in `block in bind_new_listeners!'
  /opt/gitlab/embedded/lib/ruby/gems/2.4.0/gems/unicorn-5.1.0/lib/unicorn/http_server.rb:808:in `each'
  /opt/gitlab/embedded/lib/ruby/gems/2.4.0/gems/unicorn-5.1.0/lib/unicorn/http_server.rb:808:in `bind_new_listeners!'
  /opt/gitlab/embedded/lib/ruby/gems/2.4.0/gems/unicorn-5.1.0/lib/unicorn/http_server.rb:130:in `start'
  /opt/gitlab/embedded/lib/ruby/gems/2.4.0/gems/unicorn-5.1.0/bin/unicorn:126:in `<top (required)>'
  /opt/gitlab/embedded/bin/unicorn:23:in `load'
  /opt/gitlab/embedded/bin/unicorn:23:in `<top (required)>'
I, [2018-11-20T13:47:39.971802 #1923]  INFO -- : Refreshing Gem list
I, [2018-11-20T13:48:08.894877 #1923]  INFO -- : listening on addr=127.0.0.1:8080 fd=24
F, [2018-11-20T13:48:08.896718 #1923] FATAL -- : error adding listener addr=/var/opt/gitlab/gitlab-rails/sockets/gitlab.socket
Errno::ENAMETOOLONG: File name too long - connect(2) for /var/opt/gitlab/gitlab-rails/sockets/gitlab.socket
  /opt/gitlab/embedded/lib/ruby/gems/2.4.0/gems/unicorn-5.1.0/lib/unicorn/socket_helper.rb:122:in `initialize'
  /opt/gitlab/embedded/lib/ruby/gems/2.4.0/gems/unicorn-5.1.0/lib/unicorn/socket_helper.rb:122:in `new'
  /opt/gitlab/embedded/lib/ruby/gems/2.4.0/gems/unicorn-5.1.0/lib/unicorn/socket_helper.rb:122:in `bind_listen'
  /opt/gitlab/embedded/lib/ruby/gems/2.4.0/gems/unicorn-5.1.0/lib/unicorn/http_server.rb:231:in `listen'
  /opt/gitlab/embedded/lib/ruby/gems/2.4.0/gems/unicorn-5.1.0/lib/unicorn/http_server.rb:808:in `block in bind_new_listeners!'
  /opt/gitlab/embedded/lib/ruby/gems/2.4.0/gems/unicorn-5.1.0/lib/unicorn/http_server.rb:808:in `each'
  /opt/gitlab/embedded/lib/ruby/gems/2.4.0/gems/unicorn-5.1.0/lib/unicorn/http_server.rb:808:in `bind_new_listeners!'
  /opt/gitlab/embedded/lib/ruby/gems/2.4.0/gems/unicorn-5.1.0/lib/unicorn/http_server.rb:130:in `start'
  /opt/gitlab/embedded/lib/ruby/gems/2.4.0/gems/unicorn-5.1.0/bin/unicorn:126:in `<top (required)>'
  /opt/gitlab/embedded/bin/unicorn:23:in `load'
  /opt/gitlab/embedded/bin/unicorn:23:in `<top (required)>'
I, [2018-11-20T13:48:10.626040 #1990]  INFO -- : Refreshing Gem list
I, [2018-11-20T13:48:39.438152 #1990]  INFO -- : listening on addr=127.0.0.1:8080 fd=24
F, [2018-11-20T13:48:39.440602 #1990] FATAL -- : error adding listener addr=/var/opt/gitlab/gitlab-rails/sockets/gitlab.socket
Errno::ENAMETOOLONG: File name too long - connect(2) for /var/opt/gitlab/gitlab-rails/sockets/gitlab.socket
  /opt/gitlab/embedded/lib/ruby/gems/2.4.0/gems/unicorn-5.1.0/lib/unicorn/socket_helper.rb:122:in `initialize'
  /opt/gitlab/embedded/lib/ruby/gems/2.4.0/gems/unicorn-5.1.0/lib/unicorn/socket_helper.rb:122:in `new'
  /opt/gitlab/embedded/lib/ruby/gems/2.4.0/gems/unicorn-5.1.0/lib/unicorn/socket_helper.rb:122:in `bind_listen'
  /opt/gitlab/embedded/lib/ruby/gems/2.4.0/gems/unicorn-5.1.0/lib/unicorn/http_server.rb:231:in `listen'
  /opt/gitlab/embedded/lib/ruby/gems/2.4.0/gems/unicorn-5.1.0/lib/unicorn/http_server.rb:808:in `block in bind_new_listeners!'
  /opt/gitlab/embedded/lib/ruby/gems/2.4.0/gems/unicorn-5.1.0/lib/unicorn/http_server.rb:808:in `each'
  /opt/gitlab/embedded/lib/ruby/gems/2.4.0/gems/unicorn-5.1.0/lib/unicorn/http_server.rb:808:in `bind_new_listeners!'
  /opt/gitlab/embedded/lib/ruby/gems/2.4.0/gems/unicorn-5.1.0/lib/unicorn/http_server.rb:130:in `start'
  /opt/gitlab/embedded/lib/ruby/gems/2.4.0/gems/unicorn-5.1.0/bin/unicorn:126:in `<top (required)>'
  /opt/gitlab/embedded/bin/unicorn:23:in `load'
  /opt/gitlab/embedded/bin/unicorn:23:in `<top (required)>'
I, [2018-11-20T13:48:41.289682 #2065]  INFO -- : Refreshing Gem list
I, [2018-11-20T13:49:10.096608 #2065]  INFO -- : listening on addr=127.0.0.1:8080 fd=24
F, [2018-11-20T13:49:10.099311 #2065] FATAL -- : error adding listener addr=/var/opt/gitlab/gitlab-rails/sockets/gitlab.socket
Errno::ENAMETOOLONG: File name too long - connect(2) for /var/opt/gitlab/gitlab-rails/sockets/gitlab.socket
  /opt/gitlab/embedded/lib/ruby/gems/2.4.0/gems/unicorn-5.1.0/lib/unicorn/socket_helper.rb:122:in `initialize'
  /opt/gitlab/embedded/lib/ruby/gems/2.4.0/gems/unicorn-5.1.0/lib/unicorn/socket_helper.rb:122:in `new'
  /opt/gitlab/embedded/lib/ruby/gems/2.4.0/gems/unicorn-5.1.0/lib/unicorn/socket_helper.rb:122:in `bind_listen'
  /opt/gitlab/embedded/lib/ruby/gems/2.4.0/gems/unicorn-5.1.0/lib/unicorn/http_server.rb:231:in `listen'
  /opt/gitlab/embedded/lib/ruby/gems/2.4.0/gems/unicorn-5.1.0/lib/unicorn/http_server.rb:808:in `block in bind_new_listeners!'
  /opt/gitlab/embedded/lib/ruby/gems/2.4.0/gems/unicorn-5.1.0/lib/unicorn/http_server.rb:808:in `each'
  /opt/gitlab/embedded/lib/ruby/gems/2.4.0/gems/unicorn-5.1.0/lib/unicorn/http_server.rb:808:in `bind_new_listeners!'
  /opt/gitlab/embedded/lib/ruby/gems/2.4.0/gems/unicorn-5.1.0/lib/unicorn/http_server.rb:130:in `start'
  /opt/gitlab/embedded/lib/ruby/gems/2.4.0/gems/unicorn-5.1.0/bin/unicorn:126:in `<top (required)>'
  /opt/gitlab/embedded/bin/unicorn:23:in `load'
  /opt/gitlab/embedded/bin/unicorn:23:in `<top (required)>'
I, [2018-11-20T13:49:11.975858 #2130]  INFO -- : Refreshing Gem list
I, [2018-11-20T13:49:40.602029 #2130]  INFO -- : listening on addr=127.0.0.1:8080 fd=24
F, [2018-11-20T13:49:40.604009 #2130] FATAL -- : error adding listener addr=/var/opt/gitlab/gitlab-rails/sockets/gitlab.socket
Errno::ENAMETOOLONG: File name too long - connect(2) for /var/opt/gitlab/gitlab-rails/sockets/gitlab.socket
  /opt/gitlab/embedded/lib/ruby/gems/2.4.0/gems/unicorn-5.1.0/lib/unicorn/socket_helper.rb:122:in `initialize'
  /opt/gitlab/embedded/lib/ruby/gems/2.4.0/gems/unicorn-5.1.0/lib/unicorn/socket_helper.rb:122:in `new'
  /opt/gitlab/embedded/lib/ruby/gems/2.4.0/gems/unicorn-5.1.0/lib/unicorn/socket_helper.rb:122:in `bind_listen'
  /opt/gitlab/embedded/lib/ruby/gems/2.4.0/gems/unicorn-5.1.0/lib/unicorn/http_server.rb:231:in `listen'
  /opt/gitlab/embedded/lib/ruby/gems/2.4.0/gems/unicorn-5.1.0/lib/unicorn/http_server.rb:808:in `block in bind_new_listeners!'
  /opt/gitlab/embedded/lib/ruby/gems/2.4.0/gems/unicorn-5.1.0/lib/unicorn/http_server.rb:808:in `each'
  /opt/gitlab/embedded/lib/ruby/gems/2.4.0/gems/unicorn-5.1.0/lib/unicorn/http_server.rb:808:in `bind_new_listeners!'
  /opt/gitlab/embedded/lib/ruby/gems/2.4.0/gems/unicorn-5.1.0/lib/unicorn/http_server.rb:130:in `start'
  /opt/gitlab/embedded/lib/ruby/gems/2.4.0/gems/unicorn-5.1.0/bin/unicorn:126:in `<top (required)>'
  /opt/gitlab/embedded/bin/unicorn:23:in `load'
  /opt/gitlab/embedded/bin/unicorn:23:in `<top (required)>'
I, [2018-11-20T13:49:42.378050 #2210]  INFO -- : Refreshing Gem list
I, [2018-11-20T13:50:10.653800 #2210]  INFO -- : listening on addr=127.0.0.1:8080 fd=24
F, [2018-11-20T13:50:10.655730 #2210] FATAL -- : error adding listener addr=/var/opt/gitlab/gitlab-rails/sockets/gitlab.socket
Errno::ENAMETOOLONG: File name too long - connect(2) for /var/opt/gitlab/gitlab-rails/sockets/gitlab.socket
  /opt/gitlab/embedded/lib/ruby/gems/2.4.0/gems/unicorn-5.1.0/lib/unicorn/socket_helper.rb:122:in `initialize'
  /opt/gitlab/embedded/lib/ruby/gems/2.4.0/gems/unicorn-5.1.0/lib/unicorn/socket_helper.rb:122:in `new'
  /opt/gitlab/embedded/lib/ruby/gems/2.4.0/gems/unicorn-5.1.0/lib/unicorn/socket_helper.rb:122:in `bind_listen'
  /opt/gitlab/embedded/lib/ruby/gems/2.4.0/gems/unicorn-5.1.0/lib/unicorn/http_server.rb:231:in `listen'
  /opt/gitlab/embedded/lib/ruby/gems/2.4.0/gems/unicorn-5.1.0/lib/unicorn/http_server.rb:808:in `block in bind_new_listeners!'
  /opt/gitlab/embedded/lib/ruby/gems/2.4.0/gems/unicorn-5.1.0/lib/unicorn/http_server.rb:808:in `each'
  /opt/gitlab/embedded/lib/ruby/gems/2.4.0/gems/unicorn-5.1.0/lib/unicorn/http_server.rb:808:in `bind_new_listeners!'
  /opt/gitlab/embedded/lib/ruby/gems/2.4.0/gems/unicorn-5.1.0/lib/unicorn/http_server.rb:130:in `start'
  /opt/gitlab/embedded/lib/ruby/gems/2.4.0/gems/unicorn-5.1.0/bin/unicorn:126:in `<top (required)>'
  /opt/gitlab/embedded/bin/unicorn:23:in `load'
  /opt/gitlab/embedded/bin/unicorn:23:in `<top (required)>'
I, [2018-11-20T13:50:12.310470 #2275]  INFO -- : Refreshing Gem list
I, [2018-11-20T13:50:40.825904 #2275]  INFO -- : listening on addr=127.0.0.1:8080 fd=24
F, [2018-11-20T13:50:40.828763 #2275] FATAL -- : error adding listener addr=/var/opt/gitlab/gitlab-rails/sockets/gitlab.socket
Errno::ENAMETOOLONG: File name too long - connect(2) for /var/opt/gitlab/gitlab-rails/sockets/gitlab.socket
  /opt/gitlab/embedded/lib/ruby/gems/2.4.0/gems/unicorn-5.1.0/lib/unicorn/socket_helper.rb:122:in `initialize'
  /opt/gitlab/embedded/lib/ruby/gems/2.4.0/gems/unicorn-5.1.0/lib/unicorn/socket_helper.rb:122:in `new'
  /opt/gitlab/embedded/lib/ruby/gems/2.4.0/gems/unicorn-5.1.0/lib/unicorn/socket_helper.rb:122:in `bind_listen'
  /opt/gitlab/embedded/lib/ruby/gems/2.4.0/gems/unicorn-5.1.0/lib/unicorn/http_server.rb:231:in `listen'
  /opt/gitlab/embedded/lib/ruby/gems/2.4.0/gems/unicorn-5.1.0/lib/unicorn/http_server.rb:808:in `block in bind_new_listeners!'
  /opt/gitlab/embedded/lib/ruby/gems/2.4.0/gems/unicorn-5.1.0/lib/unicorn/http_server.rb:808:in `each'
  /opt/gitlab/embedded/lib/ruby/gems/2.4.0/gems/unicorn-5.1.0/lib/unicorn/http_server.rb:808:in `bind_new_listeners!'
  /opt/gitlab/embedded/lib/ruby/gems/2.4.0/gems/unicorn-5.1.0/lib/unicorn/http_server.rb:130:in `start'
  /opt/gitlab/embedded/lib/ruby/gems/2.4.0/gems/unicorn-5.1.0/bin/unicorn:126:in `<top (required)>'
  /opt/gitlab/embedded/bin/unicorn:23:in `load'
  /opt/gitlab/embedded/bin/unicorn:23:in `<top (required)>'
I, [2018-11-20T13:50:42.502507 #2370]  INFO -- : Refreshing Gem list
I, [2018-11-20T13:51:10.576021 #2370]  INFO -- : listening on addr=127.0.0.1:8080 fd=24
F, [2018-11-20T13:51:10.578535 #2370] FATAL -- : error adding listener addr=/var/opt/gitlab/gitlab-rails/sockets/gitlab.socket
Errno::ENAMETOOLONG: File name too long - connect(2) for /var/opt/gitlab/gitlab-rails/sockets/gitlab.socket
  /opt/gitlab/embedded/lib/ruby/gems/2.4.0/gems/unicorn-5.1.0/lib/unicorn/socket_helper.rb:122:in `initialize'
  /opt/gitlab/embedded/lib/ruby/gems/2.4.0/gems/unicorn-5.1.0/lib/unicorn/socket_helper.rb:122:in `new'
  /opt/gitlab/embedded/lib/ruby/gems/2.4.0/gems/unicorn-5.1.0/lib/unicorn/socket_helper.rb:122:in `bind_listen'
  /opt/gitlab/embedded/lib/ruby/gems/2.4.0/gems/unicorn-5.1.0/lib/unicorn/http_server.rb:231:in `listen'
  /opt/gitlab/embedded/lib/ruby/gems/2.4.0/gems/unicorn-5.1.0/lib/unicorn/http_server.rb:808:in `block in bind_new_listeners!'
  /opt/gitlab/embedded/lib/ruby/gems/2.4.0/gems/unicorn-5.1.0/lib/unicorn/http_server.rb:808:in `each'
  /opt/gitlab/embedded/lib/ruby/gems/2.4.0/gems/unicorn-5.1.0/lib/unicorn/http_server.rb:808:in `bind_new_listeners!'
  /opt/gitlab/embedded/lib/ruby/gems/2.4.0/gems/unicorn-5.1.0/lib/unicorn/http_server.rb:130:in `start'
  /opt/gitlab/embedded/lib/ruby/gems/2.4.0/gems/unicorn-5.1.0/bin/unicorn:126:in `<top (required)>'
  /opt/gitlab/embedded/bin/unicorn:23:in `load'
  /opt/gitlab/embedded/bin/unicorn:23:in `<top (required)>'
I, [2018-11-20T13:51:12.431925 #2435]  INFO -- : Refreshing Gem list
I, [2018-11-20T13:51:41.489133 #2435]  INFO -- : listening on addr=127.0.0.1:8080 fd=24
F, [2018-11-20T13:51:41.491779 #2435] FATAL -- : error adding listener addr=/var/opt/gitlab/gitlab-rails/sockets/gitlab.socket
Errno::ENAMETOOLONG: File name too long - connect(2) for /var/opt/gitlab/gitlab-rails/sockets/gitlab.socket
  /opt/gitlab/embedded/lib/ruby/gems/2.4.0/gems/unicorn-5.1.0/lib/unicorn/socket_helper.rb:122:in `initialize'
  /opt/gitlab/embedded/lib/ruby/gems/2.4.0/gems/unicorn-5.1.0/lib/unicorn/socket_helper.rb:122:in `new'
  /opt/gitlab/embedded/lib/ruby/gems/2.4.0/gems/unicorn-5.1.0/lib/unicorn/socket_helper.rb:122:in `bind_listen'
  /opt/gitlab/embedded/lib/ruby/gems/2.4.0/gems/unicorn-5.1.0/lib/unicorn/http_server.rb:231:in `listen'
  /opt/gitlab/embedded/lib/ruby/gems/2.4.0/gems/unicorn-5.1.0/lib/unicorn/http_server.rb:808:in `block in bind_new_listeners!'
  /opt/gitlab/embedded/lib/ruby/gems/2.4.0/gems/unicorn-5.1.0/lib/unicorn/http_server.rb:808:in `each'
  /opt/gitlab/embedded/lib/ruby/gems/2.4.0/gems/unicorn-5.1.0/lib/unicorn/http_server.rb:808:in `bind_new_listeners!'
  /opt/gitlab/embedded/lib/ruby/gems/2.4.0/gems/unicorn-5.1.0/lib/unicorn/http_server.rb:130:in `start'
  /opt/gitlab/embedded/lib/ruby/gems/2.4.0/gems/unicorn-5.1.0/bin/unicorn:126:in `<top (required)>'
  /opt/gitlab/embedded/bin/unicorn:23:in `load'
  /opt/gitlab/embedded/bin/unicorn:23:in `<top (required)>'
I, [2018-11-20T13:51:43.109595 #2513]  INFO -- : Refreshing Gem list
I, [2018-11-20T13:52:09.457090 #2513]  INFO -- : listening on addr=127.0.0.1:8080 fd=24
F, [2018-11-20T13:52:09.459735 #2513] FATAL -- : error adding listener addr=/var/opt/gitlab/gitlab-rails/sockets/gitlab.socket
Errno::ENAMETOOLONG: File name too long - connect(2) for /var/opt/gitlab/gitlab-rails/sockets/gitlab.socket
  /opt/gitlab/embedded/lib/ruby/gems/2.4.0/gems/unicorn-5.1.0/lib/unicorn/socket_helper.rb:122:in `initialize'
  /opt/gitlab/embedded/lib/ruby/gems/2.4.0/gems/unicorn-5.1.0/lib/unicorn/socket_helper.rb:122:in `new'
  /opt/gitlab/embedded/lib/ruby/gems/2.4.0/gems/unicorn-5.1.0/lib/unicorn/socket_helper.rb:122:in `bind_listen'
  /opt/gitlab/embedded/lib/ruby/gems/2.4.0/gems/unicorn-5.1.0/lib/unicorn/http_server.rb:231:in `listen'
  /opt/gitlab/embedded/lib/ruby/gems/2.4.0/gems/unicorn-5.1.0/lib/unicorn/http_server.rb:808:in `block in bind_new_listeners!'
  /opt/gitlab/embedded/lib/ruby/gems/2.4.0/gems/unicorn-5.1.0/lib/unicorn/http_server.rb:808:in `each'
  /opt/gitlab/embedded/lib/ruby/gems/2.4.0/gems/unicorn-5.1.0/lib/unicorn/http_server.rb:808:in `bind_new_listeners!'
  /opt/gitlab/embedded/lib/ruby/gems/2.4.0/gems/unicorn-5.1.0/lib/unicorn/http_server.rb:130:in `start'
  /opt/gitlab/embedded/lib/ruby/gems/2.4.0/gems/unicorn-5.1.0/bin/unicorn:126:in `<top (required)>'
  /opt/gitlab/embedded/bin/unicorn:23:in `load'
  /opt/gitlab/embedded/bin/unicorn:23:in `<top (required)>'
I, [2018-11-20T13:52:11.076396 #2579]  INFO -- : Refreshing Gem list
I, [2018-11-20T13:52:38.493819 #2579]  INFO -- : listening on addr=127.0.0.1:8080 fd=24
F, [2018-11-20T13:52:38.496107 #2579] FATAL -- : error adding listener addr=/var/opt/gitlab/gitlab-rails/sockets/gitlab.socket
Errno::ENAMETOOLONG: File name too long - connect(2) for /var/opt/gitlab/gitlab-rails/sockets/gitlab.socket
  /opt/gitlab/embedded/lib/ruby/gems/2.4.0/gems/unicorn-5.1.0/lib/unicorn/socket_helper.rb:122:in `initialize'
  /opt/gitlab/embedded/lib/ruby/gems/2.4.0/gems/unicorn-5.1.0/lib/unicorn/socket_helper.rb:122:in `new'
  /opt/gitlab/embedded/lib/ruby/gems/2.4.0/gems/unicorn-5.1.0/lib/unicorn/socket_helper.rb:122:in `bind_listen'
  /opt/gitlab/embedded/lib/ruby/gems/2.4.0/gems/unicorn-5.1.0/lib/unicorn/http_server.rb:231:in `listen'
  /opt/gitlab/embedded/lib/ruby/gems/2.4.0/gems/unicorn-5.1.0/lib/unicorn/http_server.rb:808:in `block in bind_new_listeners!'
  /opt/gitlab/embedded/lib/ruby/gems/2.4.0/gems/unicorn-5.1.0/lib/unicorn/http_server.rb:808:in `each'
  /opt/gitlab/embedded/lib/ruby/gems/2.4.0/gems/unicorn-5.1.0/lib/unicorn/http_server.rb:808:in `bind_new_listeners!'
  /opt/gitlab/embedded/lib/ruby/gems/2.4.0/gems/unicorn-5.1.0/lib/unicorn/http_server.rb:130:in `start'
  /opt/gitlab/embedded/lib/ruby/gems/2.4.0/gems/unicorn-5.1.0/bin/unicorn:126:in `<top (required)>'
  /opt/gitlab/embedded/bin/unicorn:23:in `load'
  /opt/gitlab/embedded/bin/unicorn:23:in `<top (required)>'
I, [2018-11-20T13:52:40.088696 #2654]  INFO -- : Refreshing Gem list
I, [2018-11-20T13:53:08.918688 #2654]  INFO -- : listening on addr=127.0.0.1:8080 fd=24
F, [2018-11-20T13:53:08.921176 #2654] FATAL -- : error adding listener addr=/var/opt/gitlab/gitlab-rails/sockets/gitlab.socket
Errno::ENAMETOOLONG: File name too long - connect(2) for /var/opt/gitlab/gitlab-rails/sockets/gitlab.socket
  /opt/gitlab/embedded/lib/ruby/gems/2.4.0/gems/unicorn-5.1.0/lib/unicorn/socket_helper.rb:122:in `initialize'
  /opt/gitlab/embedded/lib/ruby/gems/2.4.0/gems/unicorn-5.1.0/lib/unicorn/socket_helper.rb:122:in `new'
  /opt/gitlab/embedded/lib/ruby/gems/2.4.0/gems/unicorn-5.1.0/lib/unicorn/socket_helper.rb:122:in `bind_listen'
  /opt/gitlab/embedded/lib/ruby/gems/2.4.0/gems/unicorn-5.1.0/lib/unicorn/http_server.rb:231:in `listen'
  /opt/gitlab/embedded/lib/ruby/gems/2.4.0/gems/unicorn-5.1.0/lib/unicorn/http_server.rb:808:in `block in bind_new_listeners!'
  /opt/gitlab/embedded/lib/ruby/gems/2.4.0/gems/unicorn-5.1.0/lib/unicorn/http_server.rb:808:in `each'
  /opt/gitlab/embedded/lib/ruby/gems/2.4.0/gems/unicorn-5.1.0/lib/unicorn/http_server.rb:808:in `bind_new_listeners!'
  /opt/gitlab/embedded/lib/ruby/gems/2.4.0/gems/unicorn-5.1.0/lib/unicorn/http_server.rb:130:in `start'
  /opt/gitlab/embedded/lib/ruby/gems/2.4.0/gems/unicorn-5.1.0/bin/unicorn:126:in `<top (required)>'
  /opt/gitlab/embedded/bin/unicorn:23:in `load'
  /opt/gitlab/embedded/bin/unicorn:23:in `<top (required)>'
I, [2018-11-20T13:53:10.668463 #2720]  INFO -- : Refreshing Gem list
I, [2018-11-20T13:53:39.263792 #2720]  INFO -- : listening on addr=127.0.0.1:8080 fd=24
F, [2018-11-20T13:53:39.266219 #2720] FATAL -- : error adding listener addr=/var/opt/gitlab/gitlab-rails/sockets/gitlab.socket
Errno::ENAMETOOLONG: File name too long - connect(2) for /var/opt/gitlab/gitlab-rails/sockets/gitlab.socket
  /opt/gitlab/embedded/lib/ruby/gems/2.4.0/gems/unicorn-5.1.0/lib/unicorn/socket_helper.rb:122:in `initialize'
  /opt/gitlab/embedded/lib/ruby/gems/2.4.0/gems/unicorn-5.1.0/lib/unicorn/socket_helper.rb:122:in `new'
  /opt/gitlab/embedded/lib/ruby/gems/2.4.0/gems/unicorn-5.1.0/lib/unicorn/socket_helper.rb:122:in `bind_listen'
  /opt/gitlab/embedded/lib/ruby/gems/2.4.0/gems/unicorn-5.1.0/lib/unicorn/http_server.rb:231:in `listen'
  /opt/gitlab/embedded/lib/ruby/gems/2.4.0/gems/unicorn-5.1.0/lib/unicorn/http_server.rb:808:in `block in bind_new_listeners!'
  /opt/gitlab/embedded/lib/ruby/gems/2.4.0/gems/unicorn-5.1.0/lib/unicorn/http_server.rb:808:in `each'
  /opt/gitlab/embedded/lib/ruby/gems/2.4.0/gems/unicorn-5.1.0/lib/unicorn/http_server.rb:808:in `bind_new_listeners!'
  /opt/gitlab/embedded/lib/ruby/gems/2.4.0/gems/unicorn-5.1.0/lib/unicorn/http_server.rb:130:in `start'
  /opt/gitlab/embedded/lib/ruby/gems/2.4.0/gems/unicorn-5.1.0/bin/unicorn:126:in `<top (required)>'
  /opt/gitlab/embedded/bin/unicorn:23:in `load'
  /opt/gitlab/embedded/bin/unicorn:23:in `<top (required)>'
I, [2018-11-20T13:53:40.981440 #2797]  INFO -- : Refreshing Gem list
I, [2018-11-20T13:54:10.234321 #2797]  INFO -- : listening on addr=127.0.0.1:8080 fd=24
F, [2018-11-20T13:54:10.236721 #2797] FATAL -- : error adding listener addr=/var/opt/gitlab/gitlab-rails/sockets/gitlab.socket
Errno::ENAMETOOLONG: File name too long - connect(2) for /var/opt/gitlab/gitlab-rails/sockets/gitlab.socket
  /opt/gitlab/embedded/lib/ruby/gems/2.4.0/gems/unicorn-5.1.0/lib/unicorn/socket_helper.rb:122:in `initialize'
  /opt/gitlab/embedded/lib/ruby/gems/2.4.0/gems/unicorn-5.1.0/lib/unicorn/socket_helper.rb:122:in `new'
  /opt/gitlab/embedded/lib/ruby/gems/2.4.0/gems/unicorn-5.1.0/lib/unicorn/socket_helper.rb:122:in `bind_listen'
  /opt/gitlab/embedded/lib/ruby/gems/2.4.0/gems/unicorn-5.1.0/lib/unicorn/http_server.rb:231:in `listen'
  /opt/gitlab/embedded/lib/ruby/gems/2.4.0/gems/unicorn-5.1.0/lib/unicorn/http_server.rb:808:in `block in bind_new_listeners!'
  /opt/gitlab/embedded/lib/ruby/gems/2.4.0/gems/unicorn-5.1.0/lib/unicorn/http_server.rb:808:in `each'
  /opt/gitlab/embedded/lib/ruby/gems/2.4.0/gems/unicorn-5.1.0/lib/unicorn/http_server.rb:808:in `bind_new_listeners!'
  /opt/gitlab/embedded/lib/ruby/gems/2.4.0/gems/unicorn-5.1.0/lib/unicorn/http_server.rb:130:in `start'
  /opt/gitlab/embedded/lib/ruby/gems/2.4.0/gems/unicorn-5.1.0/bin/unicorn:126:in `<top (required)>'
  /opt/gitlab/embedded/bin/unicorn:23:in `load'
  /opt/gitlab/embedded/bin/unicorn:23:in `<top (required)>'
I, [2018-11-20T13:54:12.067565 #2864]  INFO -- : Refreshing Gem list
I, [2018-11-20T13:54:40.731102 #2864]  INFO -- : listening on addr=127.0.0.1:8080 fd=24
F, [2018-11-20T13:54:40.734471 #2864] FATAL -- : error adding listener addr=/var/opt/gitlab/gitlab-rails/sockets/gitlab.socket
Errno::ENAMETOOLONG: File name too long - connect(2) for /var/opt/gitlab/gitlab-rails/sockets/gitlab.socket
  /opt/gitlab/embedded/lib/ruby/gems/2.4.0/gems/unicorn-5.1.0/lib/unicorn/socket_helper.rb:122:in `initialize'
  /opt/gitlab/embedded/lib/ruby/gems/2.4.0/gems/unicorn-5.1.0/lib/unicorn/socket_helper.rb:122:in `new'
  /opt/gitlab/embedded/lib/ruby/gems/2.4.0/gems/unicorn-5.1.0/lib/unicorn/socket_helper.rb:122:in `bind_listen'
  /opt/gitlab/embedded/lib/ruby/gems/2.4.0/gems/unicorn-5.1.0/lib/unicorn/http_server.rb:231:in `listen'
  /opt/gitlab/embedded/lib/ruby/gems/2.4.0/gems/unicorn-5.1.0/lib/unicorn/http_server.rb:808:in `block in bind_new_listeners!'
  /opt/gitlab/embedded/lib/ruby/gems/2.4.0/gems/unicorn-5.1.0/lib/unicorn/http_server.rb:808:in `each'
  /opt/gitlab/embedded/lib/ruby/gems/2.4.0/gems/unicorn-5.1.0/lib/unicorn/http_server.rb:808:in `bind_new_listeners!'
  /opt/gitlab/embedded/lib/ruby/gems/2.4.0/gems/unicorn-5.1.0/lib/unicorn/http_server.rb:130:in `start'
  /opt/gitlab/embedded/lib/ruby/gems/2.4.0/gems/unicorn-5.1.0/bin/unicorn:126:in `<top (required)>'
  /opt/gitlab/embedded/bin/unicorn:23:in `load'
  /opt/gitlab/embedded/bin/unicorn:23:in `<top (required)>'
I, [2018-11-20T13:54:42.379955 #2939]  INFO -- : Refreshing Gem list
I, [2018-11-20T13:55:10.561578 #2939]  INFO -- : listening on addr=127.0.0.1:8080 fd=24
F, [2018-11-20T13:55:10.564072 #2939] FATAL -- : error adding listener addr=/var/opt/gitlab/gitlab-rails/sockets/gitlab.socket
Errno::ENAMETOOLONG: File name too long - connect(2) for /var/opt/gitlab/gitlab-rails/sockets/gitlab.socket
  /opt/gitlab/embedded/lib/ruby/gems/2.4.0/gems/unicorn-5.1.0/lib/unicorn/socket_helper.rb:122:in `initialize'
  /opt/gitlab/embedded/lib/ruby/gems/2.4.0/gems/unicorn-5.1.0/lib/unicorn/socket_helper.rb:122:in `new'
  /opt/gitlab/embedded/lib/ruby/gems/2.4.0/gems/unicorn-5.1.0/lib/unicorn/socket_helper.rb:122:in `bind_listen'
  /opt/gitlab/embedded/lib/ruby/gems/2.4.0/gems/unicorn-5.1.0/lib/unicorn/http_server.rb:231:in `listen'
  /opt/gitlab/embedded/lib/ruby/gems/2.4.0/gems/unicorn-5.1.0/lib/unicorn/http_server.rb:808:in `block in bind_new_listeners!'
  /opt/gitlab/embedded/lib/ruby/gems/2.4.0/gems/unicorn-5.1.0/lib/unicorn/http_server.rb:808:in `each'
  /opt/gitlab/embedded/lib/ruby/gems/2.4.0/gems/unicorn-5.1.0/lib/unicorn/http_server.rb:808:in `bind_new_listeners!'
  /opt/gitlab/embedded/lib/ruby/gems/2.4.0/gems/unicorn-5.1.0/lib/unicorn/http_server.rb:130:in `start'
  /opt/gitlab/embedded/lib/ruby/gems/2.4.0/gems/unicorn-5.1.0/bin/unicorn:126:in `<top (required)>'
  /opt/gitlab/embedded/bin/unicorn:23:in `load'
  /opt/gitlab/embedded/bin/unicorn:23:in `<top (required)>'
I, [2018-11-20T13:55:12.325759 #3007]  INFO -- : Refreshing Gem list
I, [2018-11-20T13:55:40.538485 #3007]  INFO -- : listening on addr=127.0.0.1:8080 fd=24
F, [2018-11-20T13:55:40.540449 #3007] FATAL -- : error adding listener addr=/var/opt/gitlab/gitlab-rails/sockets/gitlab.socket
Errno::ENAMETOOLONG: File name too long - connect(2) for /var/opt/gitlab/gitlab-rails/sockets/gitlab.socket
  /opt/gitlab/embedded/lib/ruby/gems/2.4.0/gems/unicorn-5.1.0/lib/unicorn/socket_helper.rb:122:in `initialize'
  /opt/gitlab/embedded/lib/ruby/gems/2.4.0/gems/unicorn-5.1.0/lib/unicorn/socket_helper.rb:122:in `new'
  /opt/gitlab/embedded/lib/ruby/gems/2.4.0/gems/unicorn-5.1.0/lib/unicorn/socket_helper.rb:122:in `bind_listen'
  /opt/gitlab/embedded/lib/ruby/gems/2.4.0/gems/unicorn-5.1.0/lib/unicorn/http_server.rb:231:in `listen'
  /opt/gitlab/embedded/lib/ruby/gems/2.4.0/gems/unicorn-5.1.0/lib/unicorn/http_server.rb:808:in `block in bind_new_listeners!'
  /opt/gitlab/embedded/lib/ruby/gems/2.4.0/gems/unicorn-5.1.0/lib/unicorn/http_server.rb:808:in `each'
  /opt/gitlab/embedded/lib/ruby/gems/2.4.0/gems/unicorn-5.1.0/lib/unicorn/http_server.rb:808:in `bind_new_listeners!'
  /opt/gitlab/embedded/lib/ruby/gems/2.4.0/gems/unicorn-5.1.0/lib/unicorn/http_server.rb:130:in `start'
  /opt/gitlab/embedded/lib/ruby/gems/2.4.0/gems/unicorn-5.1.0/bin/unicorn:126:in `<top (required)>'
  /opt/gitlab/embedded/bin/unicorn:23:in `load'
  /opt/gitlab/embedded/bin/unicorn:23:in `<top (required)>'
I, [2018-11-20T13:55:42.315947 #3085]  INFO -- : Refreshing Gem list
I, [2018-11-20T13:56:10.555079 #3085]  INFO -- : listening on addr=127.0.0.1:8080 fd=24
F, [2018-11-20T13:56:10.557550 #3085] FATAL -- : error adding listener addr=/var/opt/gitlab/gitlab-rails/sockets/gitlab.socket
Errno::ENAMETOOLONG: File name too long - connect(2) for /var/opt/gitlab/gitlab-rails/sockets/gitlab.socket
  /opt/gitlab/embedded/lib/ruby/gems/2.4.0/gems/unicorn-5.1.0/lib/unicorn/socket_helper.rb:122:in `initialize'
  /opt/gitlab/embedded/lib/ruby/gems/2.4.0/gems/unicorn-5.1.0/lib/unicorn/socket_helper.rb:122:in `new'
  /opt/gitlab/embedded/lib/ruby/gems/2.4.0/gems/unicorn-5.1.0/lib/unicorn/socket_helper.rb:122:in `bind_listen'
  /opt/gitlab/embedded/lib/ruby/gems/2.4.0/gems/unicorn-5.1.0/lib/unicorn/http_server.rb:231:in `listen'
  /opt/gitlab/embedded/lib/ruby/gems/2.4.0/gems/unicorn-5.1.0/lib/unicorn/http_server.rb:808:in `block in bind_new_listeners!'
  /opt/gitlab/embedded/lib/ruby/gems/2.4.0/gems/unicorn-5.1.0/lib/unicorn/http_server.rb:808:in `each'
  /opt/gitlab/embedded/lib/ruby/gems/2.4.0/gems/unicorn-5.1.0/lib/unicorn/http_server.rb:808:in `bind_new_listeners!'
  /opt/gitlab/embedded/lib/ruby/gems/2.4.0/gems/unicorn-5.1.0/lib/unicorn/http_server.rb:130:in `start'
  /opt/gitlab/embedded/lib/ruby/gems/2.4.0/gems/unicorn-5.1.0/bin/unicorn:126:in `<top (required)>'
  /opt/gitlab/embedded/bin/unicorn:23:in `load'
  /opt/gitlab/embedded/bin/unicorn:23:in `<top (required)>'
I, [2018-11-20T13:56:12.298196 #3153]  INFO -- : Refreshing Gem list
I, [2018-11-20T13:56:40.519920 #3153]  INFO -- : listening on addr=127.0.0.1:8080 fd=24
F, [2018-11-20T13:56:40.524214 #3153] FATAL -- : error adding listener addr=/var/opt/gitlab/gitlab-rails/sockets/gitlab.socket
Errno::ENAMETOOLONG: File name too long - connect(2) for /var/opt/gitlab/gitlab-rails/sockets/gitlab.socket
  /opt/gitlab/embedded/lib/ruby/gems/2.4.0/gems/unicorn-5.1.0/lib/unicorn/socket_helper.rb:122:in `initialize'
  /opt/gitlab/embedded/lib/ruby/gems/2.4.0/gems/unicorn-5.1.0/lib/unicorn/socket_helper.rb:122:in `new'
  /opt/gitlab/embedded/lib/ruby/gems/2.4.0/gems/unicorn-5.1.0/lib/unicorn/socket_helper.rb:122:in `bind_listen'
  /opt/gitlab/embedded/lib/ruby/gems/2.4.0/gems/unicorn-5.1.0/lib/unicorn/http_server.rb:231:in `listen'
  /opt/gitlab/embedded/lib/ruby/gems/2.4.0/gems/unicorn-5.1.0/lib/unicorn/http_server.rb:808:in `block in bind_new_listeners!'
  /opt/gitlab/embedded/lib/ruby/gems/2.4.0/gems/unicorn-5.1.0/lib/unicorn/http_server.rb:808:in `each'
  /opt/gitlab/embedded/lib/ruby/gems/2.4.0/gems/unicorn-5.1.0/lib/unicorn/http_server.rb:808:in `bind_new_listeners!'
  /opt/gitlab/embedded/lib/ruby/gems/2.4.0/gems/unicorn-5.1.0/lib/unicorn/http_server.rb:130:in `start'
  /opt/gitlab/embedded/lib/ruby/gems/2.4.0/gems/unicorn-5.1.0/bin/unicorn:126:in `<top (required)>'
  /opt/gitlab/embedded/bin/unicorn:23:in `load'
  /opt/gitlab/embedded/bin/unicorn:23:in `<top (required)>'
I, [2018-11-20T13:56:42.320088 #3233]  INFO -- : Refreshing Gem list
I, [2018-11-20T13:57:10.493466 #3233]  INFO -- : listening on addr=127.0.0.1:8080 fd=24
F, [2018-11-20T13:57:10.495987 #3233] FATAL -- : error adding listener addr=/var/opt/gitlab/gitlab-rails/sockets/gitlab.socket
Errno::ENAMETOOLONG: File name too long - connect(2) for /var/opt/gitlab/gitlab-rails/sockets/gitlab.socket
  /opt/gitlab/embedded/lib/ruby/gems/2.4.0/gems/unicorn-5.1.0/lib/unicorn/socket_helper.rb:122:in `initialize'
  /opt/gitlab/embedded/lib/ruby/gems/2.4.0/gems/unicorn-5.1.0/lib/unicorn/socket_helper.rb:122:in `new'
  /opt/gitlab/embedded/lib/ruby/gems/2.4.0/gems/unicorn-5.1.0/lib/unicorn/socket_helper.rb:122:in `bind_listen'
  /opt/gitlab/embedded/lib/ruby/gems/2.4.0/gems/unicorn-5.1.0/lib/unicorn/http_server.rb:231:in `listen'
  /opt/gitlab/embedded/lib/ruby/gems/2.4.0/gems/unicorn-5.1.0/lib/unicorn/http_server.rb:808:in `block in bind_new_listeners!'
  /opt/gitlab/embedded/lib/ruby/gems/2.4.0/gems/unicorn-5.1.0/lib/unicorn/http_server.rb:808:in `each'
  /opt/gitlab/embedded/lib/ruby/gems/2.4.0/gems/unicorn-5.1.0/lib/unicorn/http_server.rb:808:in `bind_new_listeners!'
  /opt/gitlab/embedded/lib/ruby/gems/2.4.0/gems/unicorn-5.1.0/lib/unicorn/http_server.rb:130:in `start'
  /opt/gitlab/embedded/lib/ruby/gems/2.4.0/gems/unicorn-5.1.0/bin/unicorn:126:in `<top (required)>'
  /opt/gitlab/embedded/bin/unicorn:23:in `load'
  /opt/gitlab/embedded/bin/unicorn:23:in `<top (required)>'
I, [2018-11-20T13:57:12.315234 #3300]  INFO -- : Refreshing Gem list
I, [2018-11-20T13:57:40.739463 #3300]  INFO -- : listening on addr=127.0.0.1:8080 fd=24
F, [2018-11-20T13:57:40.741998 #3300] FATAL -- : error adding listener addr=/var/opt/gitlab/gitlab-rails/sockets/gitlab.socket
Errno::ENAMETOOLONG: File name too long - connect(2) for /var/opt/gitlab/gitlab-rails/sockets/gitlab.socket
  /opt/gitlab/embedded/lib/ruby/gems/2.4.0/gems/unicorn-5.1.0/lib/unicorn/socket_helper.rb:122:in `initialize'
  /opt/gitlab/embedded/lib/ruby/gems/2.4.0/gems/unicorn-5.1.0/lib/unicorn/socket_helper.rb:122:in `new'
  /opt/gitlab/embedded/lib/ruby/gems/2.4.0/gems/unicorn-5.1.0/lib/unicorn/socket_helper.rb:122:in `bind_listen'
  /opt/gitlab/embedded/lib/ruby/gems/2.4.0/gems/unicorn-5.1.0/lib/unicorn/http_server.rb:231:in `listen'
  /opt/gitlab/embedded/lib/ruby/gems/2.4.0/gems/unicorn-5.1.0/lib/unicorn/http_server.rb:808:in `block in bind_new_listeners!'
  /opt/gitlab/embedded/lib/ruby/gems/2.4.0/gems/unicorn-5.1.0/lib/unicorn/http_server.rb:808:in `each'
  /opt/gitlab/embedded/lib/ruby/gems/2.4.0/gems/unicorn-5.1.0/lib/unicorn/http_server.rb:808:in `bind_new_listeners!'
  /opt/gitlab/embedded/lib/ruby/gems/2.4.0/gems/unicorn-5.1.0/lib/unicorn/http_server.rb:130:in `start'
  /opt/gitlab/embedded/lib/ruby/gems/2.4.0/gems/unicorn-5.1.0/bin/unicorn:126:in `<top (required)>'
  /opt/gitlab/embedded/bin/unicorn:23:in `load'
  /opt/gitlab/embedded/bin/unicorn:23:in `<top (required)>'
I, [2018-11-20T13:57:42.465170 #3378]  INFO -- : Refreshing Gem list
I, [2018-11-20T13:58:10.969163 #3378]  INFO -- : listening on addr=127.0.0.1:8080 fd=24
F, [2018-11-20T13:58:10.971097 #3378] FATAL -- : error adding listener addr=/var/opt/gitlab/gitlab-rails/sockets/gitlab.socket
Errno::ENAMETOOLONG: File name too long - connect(2) for /var/opt/gitlab/gitlab-rails/sockets/gitlab.socket
  /opt/gitlab/embedded/lib/ruby/gems/2.4.0/gems/unicorn-5.1.0/lib/unicorn/socket_helper.rb:122:in `initialize'
  /opt/gitlab/embedded/lib/ruby/gems/2.4.0/gems/unicorn-5.1.0/lib/unicorn/socket_helper.rb:122:in `new'
  /opt/gitlab/embedded/lib/ruby/gems/2.4.0/gems/unicorn-5.1.0/lib/unicorn/socket_helper.rb:122:in `bind_listen'
  /opt/gitlab/embedded/lib/ruby/gems/2.4.0/gems/unicorn-5.1.0/lib/unicorn/http_server.rb:231:in `listen'
  /opt/gitlab/embedded/lib/ruby/gems/2.4.0/gems/unicorn-5.1.0/lib/unicorn/http_server.rb:808:in `block in bind_new_listeners!'
  /opt/gitlab/embedded/lib/ruby/gems/2.4.0/gems/unicorn-5.1.0/lib/unicorn/http_server.rb:808:in `each'
  /opt/gitlab/embedded/lib/ruby/gems/2.4.0/gems/unicorn-5.1.0/lib/unicorn/http_server.rb:808:in `bind_new_listeners!'
  /opt/gitlab/embedded/lib/ruby/gems/2.4.0/gems/unicorn-5.1.0/lib/unicorn/http_server.rb:130:in `start'
  /opt/gitlab/embedded/lib/ruby/gems/2.4.0/gems/unicorn-5.1.0/bin/unicorn:126:in `<top (required)>'
  /opt/gitlab/embedded/bin/unicorn:23:in `load'
  /opt/gitlab/embedded/bin/unicorn:23:in `<top (required)>'
I, [2018-11-20T13:58:12.643833 #3443]  INFO -- : Refreshing Gem list
I, [2018-11-20T13:58:41.007684 #3443]  INFO -- : listening on addr=127.0.0.1:8080 fd=24
F, [2018-11-20T13:58:41.010256 #3443] FATAL -- : error adding listener addr=/var/opt/gitlab/gitlab-rails/sockets/gitlab.socket
Errno::ENAMETOOLONG: File name too long - connect(2) for /var/opt/gitlab/gitlab-rails/sockets/gitlab.socket
  /opt/gitlab/embedded/lib/ruby/gems/2.4.0/gems/unicorn-5.1.0/lib/unicorn/socket_helper.rb:122:in `initialize'
  /opt/gitlab/embedded/lib/ruby/gems/2.4.0/gems/unicorn-5.1.0/lib/unicorn/socket_helper.rb:122:in `new'
  /opt/gitlab/embedded/lib/ruby/gems/2.4.0/gems/unicorn-5.1.0/lib/unicorn/socket_helper.rb:122:in `bind_listen'
  /opt/gitlab/embedded/lib/ruby/gems/2.4.0/gems/unicorn-5.1.0/lib/unicorn/http_server.rb:231:in `listen'
  /opt/gitlab/embedded/lib/ruby/gems/2.4.0/gems/unicorn-5.1.0/lib/unicorn/http_server.rb:808:in `block in bind_new_listeners!'
  /opt/gitlab/embedded/lib/ruby/gems/2.4.0/gems/unicorn-5.1.0/lib/unicorn/http_server.rb:808:in `each'
  /opt/gitlab/embedded/lib/ruby/gems/2.4.0/gems/unicorn-5.1.0/lib/unicorn/http_server.rb:808:in `bind_new_listeners!'
  /opt/gitlab/embedded/lib/ruby/gems/2.4.0/gems/unicorn-5.1.0/lib/unicorn/http_server.rb:130:in `start'
  /opt/gitlab/embedded/lib/ruby/gems/2.4.0/gems/unicorn-5.1.0/bin/unicorn:126:in `<top (required)>'
  /opt/gitlab/embedded/bin/unicorn:23:in `load'
  /opt/gitlab/embedded/bin/unicorn:23:in `<top (required)>'
I, [2018-11-20T13:58:42.616189 #3519]  INFO -- : Refreshing Gem list
I, [2018-11-20T13:59:10.364291 #3519]  INFO -- : listening on addr=127.0.0.1:8080 fd=24
F, [2018-11-20T13:59:10.366954 #3519] FATAL -- : error adding listener addr=/var/opt/gitlab/gitlab-rails/sockets/gitlab.socket
Errno::ENAMETOOLONG: File name too long - connect(2) for /var/opt/gitlab/gitlab-rails/sockets/gitlab.socket
  /opt/gitlab/embedded/lib/ruby/gems/2.4.0/gems/unicorn-5.1.0/lib/unicorn/socket_helper.rb:122:in `initialize'
  /opt/gitlab/embedded/lib/ruby/gems/2.4.0/gems/unicorn-5.1.0/lib/unicorn/socket_helper.rb:122:in `new'
  /opt/gitlab/embedded/lib/ruby/gems/2.4.0/gems/unicorn-5.1.0/lib/unicorn/socket_helper.rb:122:in `bind_listen'
  /opt/gitlab/embedded/lib/ruby/gems/2.4.0/gems/unicorn-5.1.0/lib/unicorn/http_server.rb:231:in `listen'
  /opt/gitlab/embedded/lib/ruby/gems/2.4.0/gems/unicorn-5.1.0/lib/unicorn/http_server.rb:808:in `block in bind_new_listeners!'
  /opt/gitlab/embedded/lib/ruby/gems/2.4.0/gems/unicorn-5.1.0/lib/unicorn/http_server.rb:808:in `each'
  /opt/gitlab/embedded/lib/ruby/gems/2.4.0/gems/unicorn-5.1.0/lib/unicorn/http_server.rb:808:in `bind_new_listeners!'
  /opt/gitlab/embedded/lib/ruby/gems/2.4.0/gems/unicorn-5.1.0/lib/unicorn/http_server.rb:130:in `start'
  /opt/gitlab/embedded/lib/ruby/gems/2.4.0/gems/unicorn-5.1.0/bin/unicorn:126:in `<top (required)>'
  /opt/gitlab/embedded/bin/unicorn:23:in `load'
  /opt/gitlab/embedded/bin/unicorn:23:in `<top (required)>'
I, [2018-11-20T13:59:12.168335 #3586]  INFO -- : Refreshing Gem list
I, [2018-11-20T13:59:38.960519 #3586]  INFO -- : listening on addr=127.0.0.1:8080 fd=24
F, [2018-11-20T13:59:38.962784 #3586] FATAL -- : error adding listener addr=/var/opt/gitlab/gitlab-rails/sockets/gitlab.socket
Errno::ENAMETOOLONG: File name too long - connect(2) for /var/opt/gitlab/gitlab-rails/sockets/gitlab.socket
  /opt/gitlab/embedded/lib/ruby/gems/2.4.0/gems/unicorn-5.1.0/lib/unicorn/socket_helper.rb:122:in `initialize'
  /opt/gitlab/embedded/lib/ruby/gems/2.4.0/gems/unicorn-5.1.0/lib/unicorn/socket_helper.rb:122:in `new'
  /opt/gitlab/embedded/lib/ruby/gems/2.4.0/gems/unicorn-5.1.0/lib/unicorn/socket_helper.rb:122:in `bind_listen'
  /opt/gitlab/embedded/lib/ruby/gems/2.4.0/gems/unicorn-5.1.0/lib/unicorn/http_server.rb:231:in `listen'
  /opt/gitlab/embedded/lib/ruby/gems/2.4.0/gems/unicorn-5.1.0/lib/unicorn/http_server.rb:808:in `block in bind_new_listeners!'
  /opt/gitlab/embedded/lib/ruby/gems/2.4.0/gems/unicorn-5.1.0/lib/unicorn/http_server.rb:808:in `each'
  /opt/gitlab/embedded/lib/ruby/gems/2.4.0/gems/unicorn-5.1.0/lib/unicorn/http_server.rb:808:in `bind_new_listeners!'
  /opt/gitlab/embedded/lib/ruby/gems/2.4.0/gems/unicorn-5.1.0/lib/unicorn/http_server.rb:130:in `start'
  /opt/gitlab/embedded/lib/ruby/gems/2.4.0/gems/unicorn-5.1.0/bin/unicorn:126:in `<top (required)>'
  /opt/gitlab/embedded/bin/unicorn:23:in `load'
  /opt/gitlab/embedded/bin/unicorn:23:in `<top (required)>'
I, [2018-11-20T13:59:40.562611 #3660]  INFO -- : Refreshing Gem list
I, [2018-11-20T14:00:13.077724 #3660]  INFO -- : listening on addr=127.0.0.1:8080 fd=24
F, [2018-11-20T14:00:13.080289 #3660] FATAL -- : error adding listener addr=/var/opt/gitlab/gitlab-rails/sockets/gitlab.socket
Errno::ENAMETOOLONG: File name too long - connect(2) for /var/opt/gitlab/gitlab-rails/sockets/gitlab.socket
  /opt/gitlab/embedded/lib/ruby/gems/2.4.0/gems/unicorn-5.1.0/lib/unicorn/socket_helper.rb:122:in `initialize'
  /opt/gitlab/embedded/lib/ruby/gems/2.4.0/gems/unicorn-5.1.0/lib/unicorn/socket_helper.rb:122:in `new'
  /opt/gitlab/embedded/lib/ruby/gems/2.4.0/gems/unicorn-5.1.0/lib/unicorn/socket_helper.rb:122:in `bind_listen'
  /opt/gitlab/embedded/lib/ruby/gems/2.4.0/gems/unicorn-5.1.0/lib/unicorn/http_server.rb:231:in `listen'
  /opt/gitlab/embedded/lib/ruby/gems/2.4.0/gems/unicorn-5.1.0/lib/unicorn/http_server.rb:808:in `block in bind_new_listeners!'
  /opt/gitlab/embedded/lib/ruby/gems/2.4.0/gems/unicorn-5.1.0/lib/unicorn/http_server.rb:808:in `each'
  /opt/gitlab/embedded/lib/ruby/gems/2.4.0/gems/unicorn-5.1.0/lib/unicorn/http_server.rb:808:in `bind_new_listeners!'
  /opt/gitlab/embedded/lib/ruby/gems/2.4.0/gems/unicorn-5.1.0/lib/unicorn/http_server.rb:130:in `start'
  /opt/gitlab/embedded/lib/ruby/gems/2.4.0/gems/unicorn-5.1.0/bin/unicorn:126:in `<top (required)>'
  /opt/gitlab/embedded/bin/unicorn:23:in `load'
  /opt/gitlab/embedded/bin/unicorn:23:in `<top (required)>'
I, [2018-11-20T14:00:15.196411 #3732]  INFO -- : Refreshing Gem list
