2016-12-21T17:24:46.351697Z mysqld_safe Starting mysqld daemon with databases from /home/work/_app/mysql/data
2016-12-21T17:24:46.546466Z 0 [Warning] TIMESTAMP with implicit DEFAULT value is deprecated. Please use --explicit_defaults_for_timestamp server option (see documentation for more details).
2016-12-21T17:24:46.546510Z 0 [Warning] 'NO_ZERO_DATE', 'NO_ZERO_IN_DATE' and 'ERROR_FOR_DIVISION_BY_ZERO' sql modes should be used with strict mode. They will be merged with strict mode in a future release.
2016-12-21T17:24:46.546513Z 0 [Warning] 'NO_AUTO_CREATE_USER' sql mode was not set.
2016-12-21T17:24:46.547237Z 0 [Warning] Insecure configuration for --secure-file-priv: Current value does not restrict location of generated files. Consider setting it to a valid, non-empty path.
2016-12-21T17:24:46.547270Z 0 [Note] /home/work/_app/mysql/bin/mysqld (mysqld 5.7.11) starting as process 226 ...
2016-12-21T17:24:46.553205Z 0 [Warning] Setting lower_case_table_names=2 because file system for /home/work/_app/mysql/data/ is case insensitive
2016-12-21T17:24:46.557252Z 0 [ERROR] Plugin keyring_file reported: 'keyring_file initialization failure. Please check if the keyring_file_data points to readable keyring file or keyring file can be created in the specified location. The keyring_file will stay unusable until correct path to the keyring file gets provided'
2016-12-21T17:24:46.558000Z 0 [Note] InnoDB: PUNCH HOLE support not available
2016-12-21T17:24:46.558293Z 0 [Note] InnoDB: Mutexes and rw_locks use GCC atomic builtins
2016-12-21T17:24:46.558554Z 0 [Note] InnoDB: Uses event mutexes
2016-12-21T17:24:46.558803Z 0 [Note] InnoDB: GCC builtin __sync_synchronize() is used for memory barrier
2016-12-21T17:24:46.559031Z 0 [Note] InnoDB: Compressed tables use zlib 1.2.3
2016-12-21T17:24:46.559284Z 0 [Note] InnoDB: Using Linux native AIO
2016-12-21T17:24:46.559696Z 0 [Note] InnoDB: Number of pools: 1
2016-12-21T17:24:46.560045Z 0 [Note] InnoDB: Using CPU crc32 instructions
2016-12-21T17:24:46.565865Z 0 [Note] InnoDB: Initializing buffer pool, total size = 128M, instances = 1, chunk size = 128M
2016-12-21T17:24:46.572345Z 0 [Note] InnoDB: Completed initialization of buffer pool
2016-12-21T17:24:46.574671Z 0 [Note] InnoDB: If the mysqld execution user is authorized, page cleaner thread priority can be changed. See the man page of setpriority().
2016-12-21T17:24:46.617090Z 0 [Note] InnoDB: Highest supported file format is Barracuda.
2016-12-21T17:24:46.630961Z 0 [Note] InnoDB: Log scan progressed past the checkpoint lsn 2493072
2016-12-21T17:24:46.631231Z 0 [Note] InnoDB: Doing recovery: scanned up to log sequence number 2493081
2016-12-21T17:24:46.631760Z 0 [Note] InnoDB: Doing recovery: scanned up to log sequence number 2493081
2016-12-21T17:24:46.632009Z 0 [Note] InnoDB: Database was not shutdown normally!
2016-12-21T17:24:46.632376Z 0 [Note] InnoDB: Starting crash recovery.
2016-12-21T17:24:46.819576Z 0 [Note] InnoDB: Removed temporary tablespace data file: "ibtmp1"
2016-12-21T17:24:46.819893Z 0 [Note] InnoDB: Creating shared tablespace for temporary tables
2016-12-21T17:24:46.821076Z 0 [Note] InnoDB: Setting file './ibtmp1' size to 12 MB. Physically writing the file full; Please wait ...
2016-12-21T17:24:46.891590Z 0 [Note] InnoDB: File './ibtmp1' size is now 12 MB.
2016-12-21T17:24:46.903568Z 0 [Note] InnoDB: 96 redo rollback segment(s) found. 96 redo rollback segment(s) are active.
2016-12-21T17:24:46.904265Z 0 [Note] InnoDB: 32 non-redo rollback segment(s) are active.
2016-12-21T17:24:46.905390Z 0 [Note] InnoDB: Waiting for purge to start
2016-12-21T17:24:46.959213Z 0 [Note] InnoDB: 5.7.11 started; log sequence number 2493081
2016-12-21T17:24:46.960880Z 0 [Note] Plugin 'FEDERATED' is disabled.
2016-12-21T17:24:46.964125Z 0 [Note] InnoDB: Loading buffer pool(s) from /home/work/_app/mysql/data/ib_buffer_pool
2016-12-21T17:24:46.987190Z 0 [Note] Found ca.pem, server-cert.pem and server-key.pem in data directory. Trying to enable SSL support using them.
2016-12-21T17:24:46.996164Z 0 [Warning] CA certificate ca.pem is self signed.
2016-12-21T17:24:46.997957Z 0 [Note] Server hostname (bind-address): '*'; port: 3306
2016-12-21T17:24:46.998387Z 0 [Note] IPv6 is available.
2016-12-21T17:24:46.998843Z 0 [Note]   - '::' resolves to '::';
2016-12-21T17:24:46.999345Z 0 [Note] Server socket created on IP: '::'.
2016-12-21T17:24:47.021619Z 0 [Note] InnoDB: Buffer pool(s) load completed at 161222  1:24:47
2016-12-21T17:24:47.231328Z 0 [Note] /home/work/_app/mysql/bin/mysqld: ready for connections.
Version: '5.7.11'  socket: '/tmp/mysql.sock'  port: 3306  MySQL Community Server (GPL)
2016-12-21T17:24:47.309808Z 0 [Note] Giving 0 client threads a chance to die gracefully
2016-12-21T17:24:47.310109Z 0 [Note] Shutting down slave threads
2016-12-21T17:24:47.310369Z 0 [Note] Forcefully disconnecting 0 remaining clients
2016-12-21T17:24:47.310708Z 0 [Note] Binlog end
2016-12-21T17:24:47.316443Z 0 [Note] Shutting down plugin 'ngram'
2016-12-21T17:24:47.316846Z 0 [Note] Shutting down plugin 'partition'
2016-12-21T17:24:47.317162Z 0 [Note] Shutting down plugin 'BLACKHOLE'
2016-12-21T17:24:47.317581Z 0 [Note] Shutting down plugin 'ARCHIVE'
2016-12-21T17:24:47.318017Z 0 [Note] Shutting down plugin 'MyISAM'
2016-12-21T17:24:47.318363Z 0 [Note] Shutting down plugin 'PERFORMANCE_SCHEMA'
2016-12-21T17:24:47.318627Z 0 [Note] Shutting down plugin 'CSV'
2016-12-21T17:24:47.318898Z 0 [Note] Shutting down plugin 'MRG_MYISAM'
2016-12-21T17:24:47.319144Z 0 [Note] Shutting down plugin 'MEMORY'
2016-12-21T17:24:47.319389Z 0 [Note] Shutting down plugin 'INNODB_SYS_VIRTUAL'
2016-12-21T17:24:47.319676Z 0 [Note] Shutting down plugin 'INNODB_SYS_DATAFILES'
2016-12-21T17:24:47.319924Z 0 [Note] Shutting down plugin 'INNODB_SYS_TABLESPACES'
2016-12-21T17:24:47.320165Z 0 [Note] Shutting down plugin 'INNODB_SYS_FOREIGN_COLS'
2016-12-21T17:24:47.320403Z 0 [Note] Shutting down plugin 'INNODB_SYS_FOREIGN'
2016-12-21T17:24:47.320660Z 0 [Note] Shutting down plugin 'INNODB_SYS_FIELDS'
2016-12-21T17:24:47.320905Z 0 [Note] Shutting down plugin 'INNODB_SYS_COLUMNS'
2016-12-21T17:24:47.321127Z 0 [Note] Shutting down plugin 'INNODB_SYS_INDEXES'
2016-12-21T17:24:47.321379Z 0 [Note] Shutting down plugin 'INNODB_SYS_TABLESTATS'
2016-12-21T17:24:47.321611Z 0 [Note] Shutting down plugin 'INNODB_SYS_TABLES'
2016-12-21T17:24:47.321844Z 0 [Note] Shutting down plugin 'INNODB_FT_INDEX_TABLE'
2016-12-21T17:24:47.322073Z 0 [Note] Shutting down plugin 'INNODB_FT_INDEX_CACHE'
2016-12-21T17:24:47.322328Z 0 [Note] Shutting down plugin 'INNODB_FT_CONFIG'
2016-12-21T17:24:47.322580Z 0 [Note] Shutting down plugin 'INNODB_FT_BEING_DELETED'
2016-12-21T17:24:47.322820Z 0 [Note] Shutting down plugin 'INNODB_FT_DELETED'
2016-12-21T17:24:47.323046Z 0 [Note] Shutting down plugin 'INNODB_FT_DEFAULT_STOPWORD'
2016-12-21T17:24:47.323290Z 0 [Note] Shutting down plugin 'INNODB_METRICS'
2016-12-21T17:24:47.323550Z 0 [Note] Shutting down plugin 'INNODB_TEMP_TABLE_INFO'
2016-12-21T17:24:47.323874Z 0 [Note] Shutting down plugin 'INNODB_BUFFER_POOL_STATS'
2016-12-21T17:24:47.324099Z 0 [Note] Shutting down plugin 'INNODB_BUFFER_PAGE_LRU'
2016-12-21T17:24:47.324316Z 0 [Note] Shutting down plugin 'INNODB_BUFFER_PAGE'
2016-12-21T17:24:47.324565Z 0 [Note] Shutting down plugin 'INNODB_CMP_PER_INDEX_RESET'
2016-12-21T17:24:47.324845Z 0 [Note] Shutting down plugin 'INNODB_CMP_PER_INDEX'
2016-12-21T17:24:47.325079Z 0 [Note] Shutting down plugin 'INNODB_CMPMEM_RESET'
2016-12-21T17:24:47.325307Z 0 [Note] Shutting down plugin 'INNODB_CMPMEM'
2016-12-21T17:24:47.325565Z 0 [Note] Shutting down plugin 'INNODB_CMP_RESET'
2016-12-21T17:24:47.325807Z 0 [Note] Shutting down plugin 'INNODB_CMP'
2016-12-21T17:24:47.326050Z 0 [Note] Shutting down plugin 'INNODB_LOCK_WAITS'
2016-12-21T17:24:47.326286Z 0 [Note] Shutting down plugin 'INNODB_LOCKS'
2016-12-21T17:24:47.326508Z 0 [Note] Shutting down plugin 'INNODB_TRX'
2016-12-21T17:24:47.326753Z 0 [Note] Shutting down plugin 'InnoDB'
2016-12-21T17:24:47.327065Z 0 [Note] InnoDB: FTS optimize thread exiting.
2016-12-21T17:24:47.327396Z 0 [Note] InnoDB: Starting shutdown...
2016-12-21T17:24:47.428928Z 0 [Note] InnoDB: Dumping buffer pool(s) to /home/work/_app/mysql/data/ib_buffer_pool
2016-12-21T17:24:47.432035Z 0 [Note] InnoDB: Buffer pool(s) dump completed at 161222  1:24:47
2016-12-21T17:24:48.789392Z 0 [Note] InnoDB: Shutdown completed; log sequence number 2493100
2016-12-21T17:24:48.792072Z 0 [Note] InnoDB: Removed temporary tablespace data file: "ibtmp1"
2016-12-21T17:24:48.792671Z 0 [Note] Shutting down plugin 'sha256_password'
2016-12-21T17:24:48.793225Z 0 [Note] Shutting down plugin 'mysql_native_password'
2016-12-21T17:24:48.793678Z 0 [Note] Shutting down plugin 'keyring_file'
2016-12-21T17:24:48.794174Z 0 [Note] Shutting down plugin 'binlog'
2016-12-21T17:24:48.797186Z 0 [Note] /home/work/_app/mysql/bin/mysqld: Shutdown complete

2016-12-21T17:24:48.877072Z mysqld_safe mysqld from pid file /home/work/_app/mysql/data/41a72ab140ad.pid ended
2016-12-21T17:24:49.460310Z mysqld_safe Starting mysqld daemon with databases from /home/work/_app/mysql/data
2016-12-21T17:24:49.646379Z 0 [Warning] TIMESTAMP with implicit DEFAULT value is deprecated. Please use --explicit_defaults_for_timestamp server option (see documentation for more details).
2016-12-21T17:24:49.646424Z 0 [Warning] 'NO_ZERO_DATE', 'NO_ZERO_IN_DATE' and 'ERROR_FOR_DIVISION_BY_ZERO' sql modes should be used with strict mode. They will be merged with strict mode in a future release.
2016-12-21T17:24:49.646427Z 0 [Warning] 'NO_AUTO_CREATE_USER' sql mode was not set.
2016-12-21T17:24:49.647060Z 0 [Warning] Insecure configuration for --secure-file-priv: Current value does not restrict location of generated files. Consider setting it to a valid, non-empty path.
2016-12-21T17:24:49.647086Z 0 [Note] /home/work/_app/mysql/bin/mysqld (mysqld 5.7.11) starting as process 506 ...
2016-12-21T17:24:49.653331Z 0 [Warning] Setting lower_case_table_names=2 because file system for /home/work/_app/mysql/data/ is case insensitive
2016-12-21T17:24:49.658802Z 0 [ERROR] Plugin keyring_file reported: 'keyring_file initialization failure. Please check if the keyring_file_data points to readable keyring file or keyring file can be created in the specified location. The keyring_file will stay unusable until correct path to the keyring file gets provided'
2016-12-21T17:24:49.659577Z 0 [Note] InnoDB: PUNCH HOLE support not available
2016-12-21T17:24:49.660044Z 0 [Note] InnoDB: Mutexes and rw_locks use GCC atomic builtins
2016-12-21T17:24:49.660474Z 0 [Note] InnoDB: Uses event mutexes
2016-12-21T17:24:49.660855Z 0 [Note] InnoDB: GCC builtin __sync_synchronize() is used for memory barrier
2016-12-21T17:24:49.661370Z 0 [Note] InnoDB: Compressed tables use zlib 1.2.3
2016-12-21T17:24:49.661748Z 0 [Note] InnoDB: Using Linux native AIO
2016-12-21T17:24:49.662356Z 0 [Note] InnoDB: Number of pools: 1
2016-12-21T17:24:49.662786Z 0 [Note] InnoDB: Using CPU crc32 instructions
2016-12-21T17:24:49.668815Z 0 [Note] InnoDB: Initializing buffer pool, total size = 128M, instances = 1, chunk size = 128M
2016-12-21T17:24:49.675166Z 0 [Note] InnoDB: Completed initialization of buffer pool
2016-12-21T17:24:49.677547Z 0 [Note] InnoDB: If the mysqld execution user is authorized, page cleaner thread priority can be changed. See the man page of setpriority().
2016-12-21T17:24:49.712367Z 0 [Note] InnoDB: Highest supported file format is Barracuda.
2016-12-21T17:24:49.806758Z 0 [Note] InnoDB: Creating shared tablespace for temporary tables
2016-12-21T17:24:49.808321Z 0 [Note] InnoDB: Setting file './ibtmp1' size to 12 MB. Physically writing the file full; Please wait ...
2016-12-21T17:24:49.896040Z 0 [Note] InnoDB: File './ibtmp1' size is now 12 MB.
2016-12-21T17:24:49.907842Z 0 [Note] InnoDB: 96 redo rollback segment(s) found. 96 redo rollback segment(s) are active.
2016-12-21T17:24:49.908293Z 0 [Note] InnoDB: 32 non-redo rollback segment(s) are active.
2016-12-21T17:24:49.908910Z 0 [Note] InnoDB: Waiting for purge to start
2016-12-21T17:24:49.960647Z 0 [Note] InnoDB: 5.7.11 started; log sequence number 2493100
2016-12-21T17:24:49.961977Z 0 [Note] Plugin 'FEDERATED' is disabled.
2016-12-21T17:24:49.962490Z 0 [Note] InnoDB: Loading buffer pool(s) from /home/work/_app/mysql/data/ib_buffer_pool
2016-12-21T17:24:49.993031Z 0 [Note] Found ca.pem, server-cert.pem and server-key.pem in data directory. Trying to enable SSL support using them.
2016-12-21T17:24:50.015615Z 0 [Warning] CA certificate ca.pem is self signed.
2016-12-21T17:24:50.017787Z 0 [Note] Server hostname (bind-address): '*'; port: 3306
2016-12-21T17:24:50.018239Z 0 [Note] IPv6 is available.
2016-12-21T17:24:50.018724Z 0 [Note]   - '::' resolves to '::';
2016-12-21T17:24:50.019122Z 0 [Note] Server socket created on IP: '::'.
2016-12-21T17:24:50.030704Z 0 [Note] InnoDB: Buffer pool(s) load completed at 161222  1:24:50
2016-12-21T17:24:50.315264Z 0 [Note] Event Scheduler: Loaded 0 events
2016-12-21T17:24:50.315747Z 0 [Note] /home/work/_app/mysql/bin/mysqld: ready for connections.
Version: '5.7.11'  socket: '/tmp/mysql.sock'  port: 3306  MySQL Community Server (GPL)
2016-12-21T17:24:51.544346Z 4 [Note] Access denied for user 'root'@'localhost' (using password: NO)
2016-12-21T17:24:51.805634Z mysqld_safe A mysqld process already exists
2016-12-21T17:24:54.117625Z 5 [Note] Access denied for user 'root'@'localhost' (using password: NO)
2016-12-21T17:24:54.406410Z mysqld_safe A mysqld process already exists
2016-12-21T17:24:57.514984Z 6 [Note] Access denied for user 'root'@'localhost' (using password: NO)
2016-12-21T17:24:57.641285Z mysqld_safe A mysqld process already exists
2016-12-21T17:24:58.295773Z 9 [Warning] Hostname 'localhost' does not resolve to '172.19.0.1'.
2016-12-21T17:24:58.296242Z 9 [Note] Hostname 'localhost' has the following IP addresses:
2016-12-21T17:24:58.296482Z 9 [Note]  - ::1
2016-12-21T17:24:58.296698Z 9 [Note]  - 127.0.0.1
