2016-12-21T17:26:33.893740Z mysqld_safe Starting mysqld daemon with databases from /home/work/_app/mysql/data
2016-12-21T17:26:34.134996Z 0 [Warning] TIMESTAMP with implicit DEFAULT value is deprecated. Please use --explicit_defaults_for_timestamp server option (see documentation for more details).
2016-12-21T17:26:34.135055Z 0 [Warning] 'NO_ZERO_DATE', 'NO_ZERO_IN_DATE' and 'ERROR_FOR_DIVISION_BY_ZERO' sql modes should be used with strict mode. They will be merged with strict mode in a future release.
2016-12-21T17:26:34.135059Z 0 [Warning] 'NO_AUTO_CREATE_USER' sql mode was not set.
2016-12-21T17:26:34.135581Z 0 [Warning] Insecure configuration for --secure-file-priv: Current value does not restrict location of generated files. Consider setting it to a valid, non-empty path.
2016-12-21T17:26:34.135626Z 0 [Note] /home/work/_app/mysql/bin/mysqld (mysqld 5.7.11) starting as process 226 ...
2016-12-21T17:26:34.144106Z 0 [Warning] Setting lower_case_table_names=2 because file system for /home/work/_app/mysql/data/ is case insensitive
2016-12-21T17:26:34.149814Z 0 [ERROR] Plugin keyring_file reported: 'keyring_file initialization failure. Please check if the keyring_file_data points to readable keyring file or keyring file can be created in the specified location. The keyring_file will stay unusable until correct path to the keyring file gets provided'
2016-12-21T17:26:34.150679Z 0 [Note] InnoDB: PUNCH HOLE support not available
2016-12-21T17:26:34.151104Z 0 [Note] InnoDB: Mutexes and rw_locks use GCC atomic builtins
2016-12-21T17:26:34.151445Z 0 [Note] InnoDB: Uses event mutexes
2016-12-21T17:26:34.151738Z 0 [Note] InnoDB: GCC builtin __sync_synchronize() is used for memory barrier
2016-12-21T17:26:34.151985Z 0 [Note] InnoDB: Compressed tables use zlib 1.2.3
2016-12-21T17:26:34.152276Z 0 [Note] InnoDB: Using Linux native AIO
2016-12-21T17:26:34.152806Z 0 [Note] InnoDB: Number of pools: 1
2016-12-21T17:26:34.153276Z 0 [Note] InnoDB: Using CPU crc32 instructions
2016-12-21T17:26:34.161551Z 0 [Note] InnoDB: Initializing buffer pool, total size = 128M, instances = 1, chunk size = 128M
2016-12-21T17:26:34.168932Z 0 [Note] InnoDB: Completed initialization of buffer pool
2016-12-21T17:26:34.171179Z 0 [Note] InnoDB: If the mysqld execution user is authorized, page cleaner thread priority can be changed. See the man page of setpriority().
2016-12-21T17:26:34.214518Z 0 [Note] InnoDB: Highest supported file format is Barracuda.
2016-12-21T17:26:34.229241Z 0 [Note] InnoDB: Log scan progressed past the checkpoint lsn 3206861
2016-12-21T17:26:34.229653Z 0 [Note] InnoDB: Doing recovery: scanned up to log sequence number 3206870
2016-12-21T17:26:34.230358Z 0 [Note] InnoDB: Doing recovery: scanned up to log sequence number 3206870
2016-12-21T17:26:34.230709Z 0 [Note] InnoDB: Database was not shutdown normally!
2016-12-21T17:26:34.231032Z 0 [Note] InnoDB: Starting crash recovery.
2016-12-21T17:26:34.439824Z 0 [Note] InnoDB: Removed temporary tablespace data file: "ibtmp1"
2016-12-21T17:26:34.440206Z 0 [Note] InnoDB: Creating shared tablespace for temporary tables
2016-12-21T17:26:34.442071Z 0 [Note] InnoDB: Setting file './ibtmp1' size to 12 MB. Physically writing the file full; Please wait ...
2016-12-21T17:26:34.505805Z 0 [Note] InnoDB: File './ibtmp1' size is now 12 MB.
2016-12-21T17:26:34.517500Z 0 [Note] InnoDB: 96 redo rollback segment(s) found. 96 redo rollback segment(s) are active.
2016-12-21T17:26:34.518028Z 0 [Note] InnoDB: 32 non-redo rollback segment(s) are active.
2016-12-21T17:26:34.518908Z 0 [Note] InnoDB: Waiting for purge to start
2016-12-21T17:26:34.571036Z 0 [Note] InnoDB: 5.7.11 started; log sequence number 3206870
2016-12-21T17:26:34.572660Z 0 [Note] Plugin 'FEDERATED' is disabled.
2016-12-21T17:26:34.574684Z 0 [Note] InnoDB: Loading buffer pool(s) from /home/work/_app/mysql/data/ib_buffer_pool
2016-12-21T17:26:34.597413Z 0 [Note] Found ca.pem, server-cert.pem and server-key.pem in data directory. Trying to enable SSL support using them.
2016-12-21T17:26:34.606324Z 0 [Warning] CA certificate ca.pem is self signed.
2016-12-21T17:26:34.609137Z 0 [Note] Server hostname (bind-address): '*'; port: 3306
2016-12-21T17:26:34.609600Z 0 [Note] IPv6 is available.
2016-12-21T17:26:34.609951Z 0 [Note]   - '::' resolves to '::';
2016-12-21T17:26:34.610394Z 0 [Note] Server socket created on IP: '::'.
2016-12-21T17:26:34.634885Z 0 [Note] InnoDB: Buffer pool(s) load completed at 161222  1:26:34
2016-12-21T17:26:34.789701Z 0 [Note] /home/work/_app/mysql/bin/mysqld: ready for connections.
Version: '5.7.11'  socket: '/tmp/mysql.sock'  port: 3306  MySQL Community Server (GPL)
2016-12-21T17:26:34.908295Z 0 [Note] Giving 1 client threads a chance to die gracefully
2016-12-21T17:26:34.909091Z 0 [Note] Shutting down slave threads
2016-12-21T17:26:34.909656Z 0 [Note] Forcefully disconnecting 0 remaining clients
2016-12-21T17:26:34.910077Z 0 [Note] Binlog end
2016-12-21T17:26:34.914954Z 0 [Note] Shutting down plugin 'ngram'
2016-12-21T17:26:34.915283Z 0 [Note] Shutting down plugin 'partition'
2016-12-21T17:26:34.915557Z 0 [Note] Shutting down plugin 'BLACKHOLE'
2016-12-21T17:26:34.915894Z 0 [Note] Shutting down plugin 'ARCHIVE'
2016-12-21T17:26:34.916170Z 0 [Note] Shutting down plugin 'MyISAM'
2016-12-21T17:26:34.916517Z 0 [Note] Shutting down plugin 'PERFORMANCE_SCHEMA'
2016-12-21T17:26:34.916864Z 0 [Note] Shutting down plugin 'CSV'
2016-12-21T17:26:34.917109Z 0 [Note] Shutting down plugin 'MRG_MYISAM'
2016-12-21T17:26:34.917607Z 0 [Note] Shutting down plugin 'MEMORY'
2016-12-21T17:26:34.918019Z 0 [Note] Shutting down plugin 'INNODB_SYS_VIRTUAL'
2016-12-21T17:26:34.918303Z 0 [Note] Shutting down plugin 'INNODB_SYS_DATAFILES'
2016-12-21T17:26:34.918562Z 0 [Note] Shutting down plugin 'INNODB_SYS_TABLESPACES'
2016-12-21T17:26:34.918839Z 0 [Note] Shutting down plugin 'INNODB_SYS_FOREIGN_COLS'
2016-12-21T17:26:34.919068Z 0 [Note] Shutting down plugin 'INNODB_SYS_FOREIGN'
2016-12-21T17:26:34.919368Z 0 [Note] Shutting down plugin 'INNODB_SYS_FIELDS'
2016-12-21T17:26:34.919616Z 0 [Note] Shutting down plugin 'INNODB_SYS_COLUMNS'
2016-12-21T17:26:34.919985Z 0 [Note] Shutting down plugin 'INNODB_SYS_INDEXES'
2016-12-21T17:26:34.920256Z 0 [Note] Shutting down plugin 'INNODB_SYS_TABLESTATS'
2016-12-21T17:26:34.920619Z 0 [Note] Shutting down plugin 'INNODB_SYS_TABLES'
2016-12-21T17:26:34.920901Z 0 [Note] Shutting down plugin 'INNODB_FT_INDEX_TABLE'
2016-12-21T17:26:34.921168Z 0 [Note] Shutting down plugin 'INNODB_FT_INDEX_CACHE'
2016-12-21T17:26:34.921564Z 0 [Note] Shutting down plugin 'INNODB_FT_CONFIG'
2016-12-21T17:26:34.921820Z 0 [Note] Shutting down plugin 'INNODB_FT_BEING_DELETED'
2016-12-21T17:26:34.922231Z 0 [Note] Shutting down plugin 'INNODB_FT_DELETED'
2016-12-21T17:26:34.922512Z 0 [Note] Shutting down plugin 'INNODB_FT_DEFAULT_STOPWORD'
2016-12-21T17:26:34.922784Z 0 [Note] Shutting down plugin 'INNODB_METRICS'
2016-12-21T17:26:34.923098Z 0 [Note] Shutting down plugin 'INNODB_TEMP_TABLE_INFO'
2016-12-21T17:26:34.923436Z 0 [Note] Shutting down plugin 'INNODB_BUFFER_POOL_STATS'
2016-12-21T17:26:34.923851Z 0 [Note] Shutting down plugin 'INNODB_BUFFER_PAGE_LRU'
2016-12-21T17:26:34.924194Z 0 [Note] Shutting down plugin 'INNODB_BUFFER_PAGE'
2016-12-21T17:26:34.924574Z 0 [Note] Shutting down plugin 'INNODB_CMP_PER_INDEX_RESET'
2016-12-21T17:26:34.924840Z 0 [Note] Shutting down plugin 'INNODB_CMP_PER_INDEX'
2016-12-21T17:26:34.925214Z 0 [Note] Shutting down plugin 'INNODB_CMPMEM_RESET'
2016-12-21T17:26:34.925524Z 0 [Note] Shutting down plugin 'INNODB_CMPMEM'
2016-12-21T17:26:34.925783Z 0 [Note] Shutting down plugin 'INNODB_CMP_RESET'
2016-12-21T17:26:34.926111Z 0 [Note] Shutting down plugin 'INNODB_CMP'
2016-12-21T17:26:34.926477Z 0 [Note] Shutting down plugin 'INNODB_LOCK_WAITS'
2016-12-21T17:26:34.926813Z 0 [Note] Shutting down plugin 'INNODB_LOCKS'
2016-12-21T17:26:34.927118Z 0 [Note] Shutting down plugin 'INNODB_TRX'
2016-12-21T17:26:34.927426Z 0 [Note] Shutting down plugin 'InnoDB'
2016-12-21T17:26:34.929073Z 0 [Note] InnoDB: FTS optimize thread exiting.
2016-12-21T17:26:34.929580Z 0 [Note] InnoDB: Starting shutdown...
2016-12-21T17:26:35.033327Z 0 [Note] InnoDB: Dumping buffer pool(s) to /home/work/_app/mysql/data/ib_buffer_pool
2016-12-21T17:26:35.040629Z 0 [Note] InnoDB: Buffer pool(s) dump completed at 161222  1:26:35
2016-12-21T17:26:36.367798Z 0 [Note] InnoDB: Shutdown completed; log sequence number 3206889
2016-12-21T17:26:36.370193Z 0 [Note] InnoDB: Removed temporary tablespace data file: "ibtmp1"
2016-12-21T17:26:36.370587Z 0 [Note] Shutting down plugin 'sha256_password'
2016-12-21T17:26:36.370926Z 0 [Note] Shutting down plugin 'mysql_native_password'
2016-12-21T17:26:36.371291Z 0 [Note] Shutting down plugin 'keyring_file'
2016-12-21T17:26:36.371753Z 0 [Note] Shutting down plugin 'binlog'
2016-12-21T17:26:36.374625Z 0 [Note] /home/work/_app/mysql/bin/mysqld: Shutdown complete

2016-12-21T17:26:36.455787Z mysqld_safe mysqld from pid file /home/work/_app/mysql/data/b11cb4903e0a.pid ended
2016-12-21T17:26:37.059576Z mysqld_safe Starting mysqld daemon with databases from /home/work/_app/mysql/data
2016-12-21T17:26:37.251708Z 0 [Warning] TIMESTAMP with implicit DEFAULT value is deprecated. Please use --explicit_defaults_for_timestamp server option (see documentation for more details).
2016-12-21T17:26:37.251750Z 0 [Warning] 'NO_ZERO_DATE', 'NO_ZERO_IN_DATE' and 'ERROR_FOR_DIVISION_BY_ZERO' sql modes should be used with strict mode. They will be merged with strict mode in a future release.
2016-12-21T17:26:37.251753Z 0 [Warning] 'NO_AUTO_CREATE_USER' sql mode was not set.
2016-12-21T17:26:37.252382Z 0 [Warning] Insecure configuration for --secure-file-priv: Current value does not restrict location of generated files. Consider setting it to a valid, non-empty path.
2016-12-21T17:26:37.252413Z 0 [Note] /home/work/_app/mysql/bin/mysqld (mysqld 5.7.11) starting as process 506 ...
2016-12-21T17:26:37.258315Z 0 [Warning] Setting lower_case_table_names=2 because file system for /home/work/_app/mysql/data/ is case insensitive
2016-12-21T17:26:37.262648Z 0 [ERROR] Plugin keyring_file reported: 'keyring_file initialization failure. Please check if the keyring_file_data points to readable keyring file or keyring file can be created in the specified location. The keyring_file will stay unusable until correct path to the keyring file gets provided'
2016-12-21T17:26:37.263371Z 0 [Note] InnoDB: PUNCH HOLE support not available
2016-12-21T17:26:37.263629Z 0 [Note] InnoDB: Mutexes and rw_locks use GCC atomic builtins
2016-12-21T17:26:37.263842Z 0 [Note] InnoDB: Uses event mutexes
2016-12-21T17:26:37.264049Z 0 [Note] InnoDB: GCC builtin __sync_synchronize() is used for memory barrier
2016-12-21T17:26:37.264266Z 0 [Note] InnoDB: Compressed tables use zlib 1.2.3
2016-12-21T17:26:37.264508Z 0 [Note] InnoDB: Using Linux native AIO
2016-12-21T17:26:37.264892Z 0 [Note] InnoDB: Number of pools: 1
2016-12-21T17:26:37.265266Z 0 [Note] InnoDB: Using CPU crc32 instructions
2016-12-21T17:26:37.272068Z 0 [Note] InnoDB: Initializing buffer pool, total size = 128M, instances = 1, chunk size = 128M
2016-12-21T17:26:37.278598Z 0 [Note] InnoDB: Completed initialization of buffer pool
2016-12-21T17:26:37.280778Z 0 [Note] InnoDB: If the mysqld execution user is authorized, page cleaner thread priority can be changed. See the man page of setpriority().
2016-12-21T17:26:37.320902Z 0 [Note] InnoDB: Highest supported file format is Barracuda.
2016-12-21T17:26:37.409064Z 0 [Note] InnoDB: Creating shared tablespace for temporary tables
2016-12-21T17:26:37.410118Z 0 [Note] InnoDB: Setting file './ibtmp1' size to 12 MB. Physically writing the file full; Please wait ...
2016-12-21T17:26:37.462719Z 0 [Note] InnoDB: File './ibtmp1' size is now 12 MB.
2016-12-21T17:26:37.472677Z 0 [Note] InnoDB: 96 redo rollback segment(s) found. 96 redo rollback segment(s) are active.
2016-12-21T17:26:37.473212Z 0 [Note] InnoDB: 32 non-redo rollback segment(s) are active.
2016-12-21T17:26:37.474021Z 0 [Note] InnoDB: Waiting for purge to start
2016-12-21T17:26:37.526840Z 0 [Note] InnoDB: 5.7.11 started; log sequence number 3206889
2016-12-21T17:26:37.528445Z 0 [Note] Plugin 'FEDERATED' is disabled.
2016-12-21T17:26:37.530176Z 0 [Note] InnoDB: Loading buffer pool(s) from /home/work/_app/mysql/data/ib_buffer_pool
2016-12-21T17:26:37.564809Z 0 [Note] Found ca.pem, server-cert.pem and server-key.pem in data directory. Trying to enable SSL support using them.
2016-12-21T17:26:37.571957Z 0 [Warning] CA certificate ca.pem is self signed.
2016-12-21T17:26:37.574511Z 0 [Note] Server hostname (bind-address): '*'; port: 3306
2016-12-21T17:26:37.574932Z 0 [Note] IPv6 is available.
2016-12-21T17:26:37.575258Z 0 [Note]   - '::' resolves to '::';
2016-12-21T17:26:37.575564Z 0 [Note] Server socket created on IP: '::'.
2016-12-21T17:26:37.590668Z 0 [Note] InnoDB: Buffer pool(s) load completed at 161222  1:26:37
2016-12-21T17:26:37.853632Z 0 [Note] Event Scheduler: Loaded 0 events
2016-12-21T17:26:37.854232Z 0 [Note] /home/work/_app/mysql/bin/mysqld: ready for connections.
Version: '5.7.11'  socket: '/tmp/mysql.sock'  port: 3306  MySQL Community Server (GPL)
2016-12-21T17:26:39.047142Z 4 [Note] Access denied for user 'root'@'localhost' (using password: NO)
2016-12-21T17:26:39.162051Z mysqld_safe A mysqld process already exists
2016-12-21T17:26:41.278445Z 7 [Note] Access denied for user 'root'@'localhost' (using password: NO)
2016-12-21T17:26:41.382893Z mysqld_safe A mysqld process already exists
2016-12-21T17:26:44.509087Z 10 [Note] Access denied for user 'root'@'localhost' (using password: NO)
2016-12-21T17:26:44.621087Z mysqld_safe A mysqld process already exists
