2016-12-21T17:29:20.085072Z mysqld_safe Starting mysqld daemon with databases from /home/work/_app/mysql/data
2016-12-21T17:29:20.425452Z 0 [Warning] TIMESTAMP with implicit DEFAULT value is deprecated. Please use --explicit_defaults_for_timestamp server option (see documentation for more details).
2016-12-21T17:29:20.425522Z 0 [Warning] 'NO_ZERO_DATE', 'NO_ZERO_IN_DATE' and 'ERROR_FOR_DIVISION_BY_ZERO' sql modes should be used with strict mode. They will be merged with strict mode in a future release.
2016-12-21T17:29:20.425525Z 0 [Warning] 'NO_AUTO_CREATE_USER' sql mode was not set.
2016-12-21T17:29:20.426312Z 0 [Warning] Insecure configuration for --secure-file-priv: Current value does not restrict location of generated files. Consider setting it to a valid, non-empty path.
2016-12-21T17:29:20.426363Z 0 [Note] /home/work/_app/mysql/bin/mysqld (mysqld 5.7.11) starting as process 227 ...
2016-12-21T17:29:20.433132Z 0 [Warning] Setting lower_case_table_names=2 because file system for /home/work/_app/mysql/data/ is case insensitive
2016-12-21T17:29:20.438588Z 0 [ERROR] Plugin keyring_file reported: 'keyring_file initialization failure. Please check if the keyring_file_data points to readable keyring file or keyring file can be created in the specified location. The keyring_file will stay unusable until correct path to the keyring file gets provided'
2016-12-21T17:29:20.439730Z 0 [Note] InnoDB: PUNCH HOLE support not available
2016-12-21T17:29:20.440080Z 0 [Note] InnoDB: Mutexes and rw_locks use GCC atomic builtins
2016-12-21T17:29:20.440684Z 0 [Note] InnoDB: Uses event mutexes
2016-12-21T17:29:20.441056Z 0 [Note] InnoDB: GCC builtin __sync_synchronize() is used for memory barrier
2016-12-21T17:29:20.441360Z 0 [Note] InnoDB: Compressed tables use zlib 1.2.3
2016-12-21T17:29:20.441759Z 0 [Note] InnoDB: Using Linux native AIO
2016-12-21T17:29:20.442569Z 0 [Note] InnoDB: Number of pools: 1
2016-12-21T17:29:20.443119Z 0 [Note] InnoDB: Using CPU crc32 instructions
2016-12-21T17:29:20.460214Z 0 [Note] InnoDB: Initializing buffer pool, total size = 128M, instances = 1, chunk size = 128M
2016-12-21T17:29:20.474128Z 0 [Note] InnoDB: Completed initialization of buffer pool
2016-12-21T17:29:20.478562Z 0 [Note] InnoDB: If the mysqld execution user is authorized, page cleaner thread priority can be changed. See the man page of setpriority().
2016-12-21T17:29:20.528469Z 0 [Note] InnoDB: Highest supported file format is Barracuda.
2016-12-21T17:29:20.543225Z 0 [Note] InnoDB: Log scan progressed past the checkpoint lsn 3207440
2016-12-21T17:29:20.543528Z 0 [Note] InnoDB: Doing recovery: scanned up to log sequence number 3207449
2016-12-21T17:29:20.544022Z 0 [Note] InnoDB: Doing recovery: scanned up to log sequence number 3207449
2016-12-21T17:29:20.544277Z 0 [Note] InnoDB: Database was not shutdown normally!
2016-12-21T17:29:20.544520Z 0 [Note] InnoDB: Starting crash recovery.
2016-12-21T17:29:20.814468Z 0 [Note] InnoDB: Removed temporary tablespace data file: "ibtmp1"
2016-12-21T17:29:20.814710Z 0 [Note] InnoDB: Creating shared tablespace for temporary tables
2016-12-21T17:29:20.815749Z 0 [Note] InnoDB: Setting file './ibtmp1' size to 12 MB. Physically writing the file full; Please wait ...
2016-12-21T17:29:20.884170Z 0 [Note] InnoDB: File './ibtmp1' size is now 12 MB.
2016-12-21T17:29:20.892679Z 0 [Note] InnoDB: 96 redo rollback segment(s) found. 96 redo rollback segment(s) are active.
2016-12-21T17:29:20.893226Z 0 [Note] InnoDB: 32 non-redo rollback segment(s) are active.
2016-12-21T17:29:20.893815Z 0 [Note] InnoDB: Waiting for purge to start
2016-12-21T17:29:20.947261Z 0 [Note] InnoDB: 5.7.11 started; log sequence number 3207449
2016-12-21T17:29:20.948173Z 0 [Note] Plugin 'FEDERATED' is disabled.
2016-12-21T17:29:20.951513Z 0 [Note] InnoDB: Loading buffer pool(s) from /home/work/_app/mysql/data/ib_buffer_pool
2016-12-21T17:29:20.975225Z 0 [Note] Found ca.pem, server-cert.pem and server-key.pem in data directory. Trying to enable SSL support using them.
2016-12-21T17:29:20.994020Z 0 [Warning] CA certificate ca.pem is self signed.
2016-12-21T17:29:20.995907Z 0 [Note] Server hostname (bind-address): '*'; port: 3306
2016-12-21T17:29:20.996823Z 0 [Note] IPv6 is available.
2016-12-21T17:29:20.997244Z 0 [Note]   - '::' resolves to '::';
2016-12-21T17:29:20.997666Z 0 [Note] Server socket created on IP: '::'.
2016-12-21T17:29:21.021581Z 0 [Note] InnoDB: Buffer pool(s) load completed at 161222  1:29:21
2016-12-21T17:29:21.621279Z 0 [Note] /home/work/_app/mysql/bin/mysqld: ready for connections.
Version: '5.7.11'  socket: '/tmp/mysql.sock'  port: 3306  MySQL Community Server (GPL)
2016-12-21T17:29:22.065835Z 0 [Note] Giving 0 client threads a chance to die gracefully
2016-12-21T17:29:22.066235Z 0 [Note] Shutting down slave threads
2016-12-21T17:29:22.066584Z 0 [Note] Forcefully disconnecting 0 remaining clients
2016-12-21T17:29:22.067039Z 0 [Note] Binlog end
2016-12-21T17:29:22.072264Z 0 [Note] Shutting down plugin 'ngram'
2016-12-21T17:29:22.072639Z 0 [Note] Shutting down plugin 'partition'
2016-12-21T17:29:22.072961Z 0 [Note] Shutting down plugin 'BLACKHOLE'
2016-12-21T17:29:22.073380Z 0 [Note] Shutting down plugin 'ARCHIVE'
2016-12-21T17:29:22.073746Z 0 [Note] Shutting down plugin 'MyISAM'
2016-12-21T17:29:22.074092Z 0 [Note] Shutting down plugin 'PERFORMANCE_SCHEMA'
2016-12-21T17:29:22.074457Z 0 [Note] Shutting down plugin 'CSV'
2016-12-21T17:29:22.074799Z 0 [Note] Shutting down plugin 'MRG_MYISAM'
2016-12-21T17:29:22.075063Z 0 [Note] Shutting down plugin 'MEMORY'
2016-12-21T17:29:22.075286Z 0 [Note] Shutting down plugin 'INNODB_SYS_VIRTUAL'
2016-12-21T17:29:22.075511Z 0 [Note] Shutting down plugin 'INNODB_SYS_DATAFILES'
2016-12-21T17:29:22.075779Z 0 [Note] Shutting down plugin 'INNODB_SYS_TABLESPACES'
2016-12-21T17:29:22.076020Z 0 [Note] Shutting down plugin 'INNODB_SYS_FOREIGN_COLS'
2016-12-21T17:29:22.076229Z 0 [Note] Shutting down plugin 'INNODB_SYS_FOREIGN'
2016-12-21T17:29:22.076481Z 0 [Note] Shutting down plugin 'INNODB_SYS_FIELDS'
2016-12-21T17:29:22.076701Z 0 [Note] Shutting down plugin 'INNODB_SYS_COLUMNS'
2016-12-21T17:29:22.076953Z 0 [Note] Shutting down plugin 'INNODB_SYS_INDEXES'
2016-12-21T17:29:22.077190Z 0 [Note] Shutting down plugin 'INNODB_SYS_TABLESTATS'
2016-12-21T17:29:22.077424Z 0 [Note] Shutting down plugin 'INNODB_SYS_TABLES'
2016-12-21T17:29:22.077662Z 0 [Note] Shutting down plugin 'INNODB_FT_INDEX_TABLE'
2016-12-21T17:29:22.077890Z 0 [Note] Shutting down plugin 'INNODB_FT_INDEX_CACHE'
2016-12-21T17:29:22.078127Z 0 [Note] Shutting down plugin 'INNODB_FT_CONFIG'
2016-12-21T17:29:22.078371Z 0 [Note] Shutting down plugin 'INNODB_FT_BEING_DELETED'
2016-12-21T17:29:22.078647Z 0 [Note] Shutting down plugin 'INNODB_FT_DELETED'
2016-12-21T17:29:22.078893Z 0 [Note] Shutting down plugin 'INNODB_FT_DEFAULT_STOPWORD'
2016-12-21T17:29:22.079139Z 0 [Note] Shutting down plugin 'INNODB_METRICS'
2016-12-21T17:29:22.079375Z 0 [Note] Shutting down plugin 'INNODB_TEMP_TABLE_INFO'
2016-12-21T17:29:22.079616Z 0 [Note] Shutting down plugin 'INNODB_BUFFER_POOL_STATS'
2016-12-21T17:29:22.079838Z 0 [Note] Shutting down plugin 'INNODB_BUFFER_PAGE_LRU'
2016-12-21T17:29:22.080097Z 0 [Note] Shutting down plugin 'INNODB_BUFFER_PAGE'
2016-12-21T17:29:22.080348Z 0 [Note] Shutting down plugin 'INNODB_CMP_PER_INDEX_RESET'
2016-12-21T17:29:22.080601Z 0 [Note] Shutting down plugin 'INNODB_CMP_PER_INDEX'
2016-12-21T17:29:22.080839Z 0 [Note] Shutting down plugin 'INNODB_CMPMEM_RESET'
2016-12-21T17:29:22.081061Z 0 [Note] Shutting down plugin 'INNODB_CMPMEM'
2016-12-21T17:29:22.081290Z 0 [Note] Shutting down plugin 'INNODB_CMP_RESET'
2016-12-21T17:29:22.081540Z 0 [Note] Shutting down plugin 'INNODB_CMP'
2016-12-21T17:29:22.081789Z 0 [Note] Shutting down plugin 'INNODB_LOCK_WAITS'
2016-12-21T17:29:22.082034Z 0 [Note] Shutting down plugin 'INNODB_LOCKS'
2016-12-21T17:29:22.082277Z 0 [Note] Shutting down plugin 'INNODB_TRX'
2016-12-21T17:29:22.082516Z 0 [Note] Shutting down plugin 'InnoDB'
2016-12-21T17:29:22.082833Z 0 [Note] InnoDB: FTS optimize thread exiting.
2016-12-21T17:29:22.083206Z 0 [Note] InnoDB: Starting shutdown...
2016-12-21T17:29:22.185482Z 0 [Note] InnoDB: Dumping buffer pool(s) to /home/work/_app/mysql/data/ib_buffer_pool
2016-12-21T17:29:22.189484Z 0 [Note] InnoDB: Buffer pool(s) dump completed at 161222  1:29:22
2016-12-21T17:29:23.621652Z 0 [Note] InnoDB: Shutdown completed; log sequence number 3207468
2016-12-21T17:29:23.623828Z 0 [Note] InnoDB: Removed temporary tablespace data file: "ibtmp1"
2016-12-21T17:29:23.624128Z 0 [Note] Shutting down plugin 'sha256_password'
2016-12-21T17:29:23.624473Z 0 [Note] Shutting down plugin 'mysql_native_password'
2016-12-21T17:29:23.624746Z 0 [Note] Shutting down plugin 'keyring_file'
2016-12-21T17:29:23.625189Z 0 [Note] Shutting down plugin 'binlog'
2016-12-21T17:29:23.629006Z 0 [Note] /home/work/_app/mysql/bin/mysqld: Shutdown complete

2016-12-21T17:29:23.686395Z mysqld_safe mysqld from pid file /home/work/_app/mysql/data/e0046c6b15dc.pid ended
2016-12-21T17:29:24.210146Z mysqld_safe Starting mysqld daemon with databases from /home/work/_app/mysql/data
2016-12-21T17:29:24.396356Z 0 [Warning] TIMESTAMP with implicit DEFAULT value is deprecated. Please use --explicit_defaults_for_timestamp server option (see documentation for more details).
2016-12-21T17:29:24.396409Z 0 [Warning] 'NO_ZERO_DATE', 'NO_ZERO_IN_DATE' and 'ERROR_FOR_DIVISION_BY_ZERO' sql modes should be used with strict mode. They will be merged with strict mode in a future release.
2016-12-21T17:29:24.396412Z 0 [Warning] 'NO_AUTO_CREATE_USER' sql mode was not set.
2016-12-21T17:29:24.396979Z 0 [Warning] Insecure configuration for --secure-file-priv: Current value does not restrict location of generated files. Consider setting it to a valid, non-empty path.
2016-12-21T17:29:24.397009Z 0 [Note] /home/work/_app/mysql/bin/mysqld (mysqld 5.7.11) starting as process 509 ...
2016-12-21T17:29:24.402709Z 0 [Warning] Setting lower_case_table_names=2 because file system for /home/work/_app/mysql/data/ is case insensitive
2016-12-21T17:29:24.406243Z 0 [ERROR] Plugin keyring_file reported: 'keyring_file initialization failure. Please check if the keyring_file_data points to readable keyring file or keyring file can be created in the specified location. The keyring_file will stay unusable until correct path to the keyring file gets provided'
2016-12-21T17:29:24.406865Z 0 [Note] InnoDB: PUNCH HOLE support not available
2016-12-21T17:29:24.407184Z 0 [Note] InnoDB: Mutexes and rw_locks use GCC atomic builtins
2016-12-21T17:29:24.407432Z 0 [Note] InnoDB: Uses event mutexes
2016-12-21T17:29:24.407634Z 0 [Note] InnoDB: GCC builtin __sync_synchronize() is used for memory barrier
2016-12-21T17:29:24.407897Z 0 [Note] InnoDB: Compressed tables use zlib 1.2.3
2016-12-21T17:29:24.408130Z 0 [Note] InnoDB: Using Linux native AIO
2016-12-21T17:29:24.408517Z 0 [Note] InnoDB: Number of pools: 1
2016-12-21T17:29:24.408811Z 0 [Note] InnoDB: Using CPU crc32 instructions
2016-12-21T17:29:24.415032Z 0 [Note] InnoDB: Initializing buffer pool, total size = 128M, instances = 1, chunk size = 128M
2016-12-21T17:29:24.421512Z 0 [Note] InnoDB: Completed initialization of buffer pool
2016-12-21T17:29:24.423911Z 0 [Note] InnoDB: If the mysqld execution user is authorized, page cleaner thread priority can be changed. See the man page of setpriority().
2016-12-21T17:29:24.467232Z 0 [Note] InnoDB: Highest supported file format is Barracuda.
2016-12-21T17:29:24.565921Z 0 [Note] InnoDB: Creating shared tablespace for temporary tables
2016-12-21T17:29:24.566959Z 0 [Note] InnoDB: Setting file './ibtmp1' size to 12 MB. Physically writing the file full; Please wait ...
2016-12-21T17:29:24.623631Z 0 [Note] InnoDB: File './ibtmp1' size is now 12 MB.
2016-12-21T17:29:24.634941Z 0 [Note] InnoDB: 96 redo rollback segment(s) found. 96 redo rollback segment(s) are active.
2016-12-21T17:29:24.635503Z 0 [Note] InnoDB: 32 non-redo rollback segment(s) are active.
2016-12-21T17:29:24.636396Z 0 [Note] InnoDB: Waiting for purge to start
2016-12-21T17:29:24.689100Z 0 [Note] InnoDB: 5.7.11 started; log sequence number 3207468
2016-12-21T17:29:24.690343Z 0 [Note] Plugin 'FEDERATED' is disabled.
2016-12-21T17:29:24.692245Z 0 [Note] InnoDB: Loading buffer pool(s) from /home/work/_app/mysql/data/ib_buffer_pool
2016-12-21T17:29:24.732072Z 0 [Note] Found ca.pem, server-cert.pem and server-key.pem in data directory. Trying to enable SSL support using them.
2016-12-21T17:29:24.745146Z 0 [Warning] CA certificate ca.pem is self signed.
2016-12-21T17:29:24.748616Z 0 [Note] Server hostname (bind-address): '*'; port: 3306
2016-12-21T17:29:24.749401Z 0 [Note] IPv6 is available.
2016-12-21T17:29:24.749795Z 0 [Note]   - '::' resolves to '::';
2016-12-21T17:29:24.750149Z 0 [Note] Server socket created on IP: '::'.
2016-12-21T17:29:24.767119Z 0 [Note] InnoDB: Buffer pool(s) load completed at 161222  1:29:24
2016-12-21T17:29:25.002866Z 0 [Note] Event Scheduler: Loaded 0 events
2016-12-21T17:29:25.003269Z 0 [Note] /home/work/_app/mysql/bin/mysqld: ready for connections.
Version: '5.7.11'  socket: '/tmp/mysql.sock'  port: 3306  MySQL Community Server (GPL)
2016-12-21T17:29:26.212751Z 4 [Note] Access denied for user 'root'@'localhost' (using password: NO)
2016-12-21T17:29:26.330384Z mysqld_safe A mysqld process already exists
2016-12-21T17:29:27.444925Z 5 [Note] Access denied for user 'root'@'localhost' (using password: NO)
2016-12-21T17:29:27.564051Z mysqld_safe A mysqld process already exists
2016-12-21T17:29:29.684770Z 8 [Note] Access denied for user 'root'@'localhost' (using password: NO)
2016-12-21T17:29:29.788870Z mysqld_safe A mysqld process already exists
2016-12-21T17:29:32.906128Z 9 [Note] Access denied for user 'root'@'localhost' (using password: NO)
2016-12-21T17:29:33.020778Z mysqld_safe A mysqld process already exists
