Started GET "/" for  at 2018-11-20 13:45:56 +0000
Processing by RootController#index as HTML
Redirected to http://example.org/users/sign_in
Filter chain halted as :redirect_unlogged_user rendered or redirected
Completed 302 Found in 13ms (ActiveRecord: 0.0ms)
Started GET "/" for  at 2018-11-20 13:46:30 +0000
Processing by RootController#index as HTML
Redirected to http://example.org/users/sign_in
Filter chain halted as :redirect_unlogged_user rendered or redirected
Completed 302 Found in 12ms (ActiveRecord: 0.0ms)
Started GET "/" for  at 2018-11-20 13:47:05 +0000
Processing by RootController#index as HTML
Redirected to http://example.org/users/sign_in
Filter chain halted as :redirect_unlogged_user rendered or redirected
Completed 302 Found in 9ms (ActiveRecord: 0.0ms)
Started GET "/" for  at 2018-11-20 13:47:36 +0000
Processing by RootController#index as HTML
Redirected to http://example.org/users/sign_in
Filter chain halted as :redirect_unlogged_user rendered or redirected
Completed 302 Found in 10ms (ActiveRecord: 0.0ms)
Started GET "/" for  at 2018-11-20 13:48:06 +0000
Processing by RootController#index as HTML
Redirected to http://example.org/users/sign_in
Filter chain halted as :redirect_unlogged_user rendered or redirected
Completed 302 Found in 7ms (ActiveRecord: 0.0ms)
Started GET "/" for  at 2018-11-20 13:48:37 +0000
Processing by RootController#index as HTML
Redirected to http://example.org/users/sign_in
Filter chain halted as :redirect_unlogged_user rendered or redirected
Completed 302 Found in 8ms (ActiveRecord: 0.0ms)
Started GET "/" for  at 2018-11-20 13:49:08 +0000
Processing by RootController#index as HTML
Redirected to http://example.org/users/sign_in
Filter chain halted as :redirect_unlogged_user rendered or redirected
Completed 302 Found in 8ms (ActiveRecord: 0.0ms)
Started GET "/" for  at 2018-11-20 13:49:38 +0000
Processing by RootController#index as HTML
Redirected to http://example.org/users/sign_in
Filter chain halted as :redirect_unlogged_user rendered or redirected
Completed 302 Found in 7ms (ActiveRecord: 0.0ms)
Started GET "/" for  at 2018-11-20 13:50:08 +0000
Processing by RootController#index as HTML
Redirected to http://example.org/users/sign_in
Filter chain halted as :redirect_unlogged_user rendered or redirected
Completed 302 Found in 8ms (ActiveRecord: 0.0ms)
Scheduling removal of build artifacts
Started GET "/" for  at 2018-11-20 13:50:38 +0000
Processing by RootController#index as HTML
Redirected to http://example.org/users/sign_in
Filter chain halted as :redirect_unlogged_user rendered or redirected
Completed 302 Found in 12ms (ActiveRecord: 0.0ms)
Started GET "/" for  at 2018-11-20 13:51:08 +0000
Processing by RootController#index as HTML
Redirected to http://example.org/users/sign_in
Filter chain halted as :redirect_unlogged_user rendered or redirected
Completed 302 Found in 9ms (ActiveRecord: 0.0ms)
Started GET "/" for  at 2018-11-20 13:51:39 +0000
Processing by RootController#index as HTML
Redirected to http://example.org/users/sign_in
Filter chain halted as :redirect_unlogged_user rendered or redirected
Completed 302 Found in 13ms (ActiveRecord: 0.0ms)
Started GET "/" for  at 2018-11-20 13:52:07 +0000
Processing by RootController#index as HTML
Redirected to http://example.org/users/sign_in
Filter chain halted as :redirect_unlogged_user rendered or redirected
Completed 302 Found in 7ms (ActiveRecord: 0.0ms)
Started GET "/" for  at 2018-11-20 13:52:36 +0000
Processing by RootController#index as HTML
Redirected to http://example.org/users/sign_in
Filter chain halted as :redirect_unlogged_user rendered or redirected
Completed 302 Found in 7ms (ActiveRecord: 0.0ms)
Started GET "/" for  at 2018-11-20 13:53:06 +0000
Processing by RootController#index as HTML
Redirected to http://example.org/users/sign_in
Filter chain halted as :redirect_unlogged_user rendered or redirected
Completed 302 Found in 8ms (ActiveRecord: 0.0ms)
Started GET "/" for  at 2018-11-20 13:53:37 +0000
Processing by RootController#index as HTML
Redirected to http://example.org/users/sign_in
Filter chain halted as :redirect_unlogged_user rendered or redirected
Completed 302 Found in 7ms (ActiveRecord: 0.0ms)
Started GET "/" for  at 2018-11-20 13:54:08 +0000
Processing by RootController#index as HTML
Redirected to http://example.org/users/sign_in
Filter chain halted as :redirect_unlogged_user rendered or redirected
Completed 302 Found in 7ms (ActiveRecord: 0.0ms)
Started GET "/" for  at 2018-11-20 13:54:38 +0000
Processing by RootController#index as HTML
Redirected to http://example.org/users/sign_in
Filter chain halted as :redirect_unlogged_user rendered or redirected
Completed 302 Found in 7ms (ActiveRecord: 0.0ms)
Started GET "/" for  at 2018-11-20 13:55:08 +0000
Processing by RootController#index as HTML
Redirected to http://example.org/users/sign_in
Filter chain halted as :redirect_unlogged_user rendered or redirected
Completed 302 Found in 7ms (ActiveRecord: 0.0ms)
Started GET "/" for  at 2018-11-20 13:55:38 +0000
Processing by RootController#index as HTML
Redirected to http://example.org/users/sign_in
Filter chain halted as :redirect_unlogged_user rendered or redirected
Completed 302 Found in 11ms (ActiveRecord: 0.0ms)
Started GET "/" for  at 2018-11-20 13:56:08 +0000
Processing by RootController#index as HTML
Redirected to http://example.org/users/sign_in
Filter chain halted as :redirect_unlogged_user rendered or redirected
Completed 302 Found in 9ms (ActiveRecord: 0.0ms)
Started GET "/" for  at 2018-11-20 13:56:38 +0000
Processing by RootController#index as HTML
Redirected to http://example.org/users/sign_in
Filter chain halted as :redirect_unlogged_user rendered or redirected
Completed 302 Found in 10ms (ActiveRecord: 0.0ms)
Started GET "/" for  at 2018-11-20 13:57:08 +0000
Processing by RootController#index as HTML
Redirected to http://example.org/users/sign_in
Filter chain halted as :redirect_unlogged_user rendered or redirected
Completed 302 Found in 7ms (ActiveRecord: 0.0ms)
Started GET "/" for  at 2018-11-20 13:57:38 +0000
Processing by RootController#index as HTML
Redirected to http://example.org/users/sign_in
Filter chain halted as :redirect_unlogged_user rendered or redirected
Completed 302 Found in 11ms (ActiveRecord: 0.0ms)
Started GET "/" for  at 2018-11-20 13:58:09 +0000
Processing by RootController#index as HTML
Redirected to http://example.org/users/sign_in
Filter chain halted as :redirect_unlogged_user rendered or redirected
Completed 302 Found in 8ms (ActiveRecord: 0.0ms)
Started GET "/" for  at 2018-11-20 13:58:38 +0000
Processing by RootController#index as HTML
Redirected to http://example.org/users/sign_in
Filter chain halted as :redirect_unlogged_user rendered or redirected
Completed 302 Found in 7ms (ActiveRecord: 0.0ms)
Started GET "/" for  at 2018-11-20 13:59:08 +0000
Processing by RootController#index as HTML
Redirected to http://example.org/users/sign_in
Filter chain halted as :redirect_unlogged_user rendered or redirected
Completed 302 Found in 8ms (ActiveRecord: 0.0ms)
Started GET "/" for  at 2018-11-20 13:59:36 +0000
Processing by RootController#index as HTML
Redirected to http://example.org/users/sign_in
Filter chain halted as :redirect_unlogged_user rendered or redirected
Completed 302 Found in 8ms (ActiveRecord: 0.0ms)
Started GET "/" for  at 2018-11-20 14:00:10 +0000
Processing by RootController#index as HTML
Redirected to http://example.org/users/sign_in
Filter chain halted as :redirect_unlogged_user rendered or redirected
Completed 302 Found in 8ms (ActiveRecord: 0.0ms)
StuckCiJobsWorker: Cleaning stuck builds
